{"/Users/balabiturembek/Desktop/hubnity/src/components/ErrorBoundary.tsx": {"path":"/Users/balabiturembek/Desktop/hubnity/src/components/ErrorBoundary.tsx","statementMap":{"0":{"start":{"line":75,"column":16},"end":{"line":82,"column":null}},"1":{"start":{"line":30,"column":4},"end":{"line":30,"column":null}},"2":{"start":{"line":31,"column":4},"end":{"line":35,"column":null}},"3":{"start":{"line":40,"column":4},"end":{"line":43,"column":null}},"4":{"start":{"line":47,"column":20},"end":{"line":47,"column":null}},"5":{"start":{"line":48,"column":23},"end":{"line":48,"column":null}},"6":{"start":{"line":49,"column":22},"end":{"line":49,"column":null}},"7":{"start":{"line":51,"column":4},"end":{"line":54,"column":null}},"8":{"start":{"line":57,"column":4},"end":{"line":61,"column":null}},"9":{"start":{"line":63,"column":4},"end":{"line":67,"column":null}},"10":{"start":{"line":70,"column":4},"end":{"line":72,"column":null}},"11":{"start":{"line":77,"column":4},"end":{"line":81,"column":null}},"12":{"start":{"line":85,"column":4},"end":{"line":150,"column":null}},"13":{"start":{"line":87,"column":6},"end":{"line":89,"column":null}},"14":{"start":{"line":88,"column":8},"end":{"line":88,"column":null}},"15":{"start":{"line":92,"column":6},"end":{"line":148,"column":null}},"16":{"start":{"line":139,"column":33},"end":{"line":139,"column":null}},"17":{"start":{"line":152,"column":4},"end":{"line":152,"column":null}}},"fnMap":{"0":{"name":"(anonymous_0)","decl":{"start":{"line":29,"column":2},"end":{"line":29,"column":14}},"loc":{"start":{"line":29,"column":28},"end":{"line":36,"column":null}},"line":29},"1":{"name":"(anonymous_1)","decl":{"start":{"line":38,"column":9},"end":{"line":38,"column":34}},"loc":{"start":{"line":38,"column":64},"end":{"line":44,"column":null}},"line":38},"2":{"name":"(anonymous_2)","decl":{"start":{"line":46,"column":2},"end":{"line":46,"column":20}},"loc":{"start":{"line":46,"column":56},"end":{"line":73,"column":null}},"line":46},"3":{"name":"(anonymous_3)","decl":{"start":{"line":75,"column":16},"end":{"line":75,"column":22}},"loc":{"start":{"line":75,"column":22},"end":{"line":82,"column":null}},"line":75},"4":{"name":"(anonymous_4)","decl":{"start":{"line":84,"column":2},"end":{"line":84,"column":11}},"loc":{"start":{"line":84,"column":11},"end":{"line":153,"column":null}},"line":84},"5":{"name":"(anonymous_5)","decl":{"start":{"line":139,"column":27},"end":{"line":139,"column":33}},"loc":{"start":{"line":139,"column":33},"end":{"line":139,"column":null}},"line":139}},"branchMap":{"0":{"loc":{"start":{"line":47,"column":20},"end":{"line":47,"column":null}},"type":"cond-expr","locations":[{"start":{"line":47,"column":64},"end":{"line":47,"column":85}},{"start":{"line":47,"column":85},"end":{"line":47,"column":null}}],"line":47},"1":{"loc":{"start":{"line":48,"column":23},"end":{"line":48,"column":null}},"type":"cond-expr","locations":[{"start":{"line":48,"column":70},"end":{"line":48,"column":94}},{"start":{"line":48,"column":94},"end":{"line":48,"column":null}}],"line":48},"2":{"loc":{"start":{"line":48,"column":101},"end":{"line":48,"column":125}},"type":"binary-expr","locations":[{"start":{"line":48,"column":101},"end":{"line":48,"column":110}},{"start":{"line":48,"column":110},"end":{"line":48,"column":125}}],"line":48},"3":{"loc":{"start":{"line":85,"column":4},"end":{"line":150,"column":null}},"type":"if","locations":[{"start":{"line":85,"column":4},"end":{"line":150,"column":null}},{"start":{},"end":{}}],"line":85},"4":{"loc":{"start":{"line":87,"column":6},"end":{"line":89,"column":null}},"type":"if","locations":[{"start":{"line":87,"column":6},"end":{"line":89,"column":null}},{"start":{},"end":{}}],"line":87},"5":{"loc":{"start":{"line":106,"column":15},"end":{"line":126,"column":null}},"type":"binary-expr","locations":[{"start":{"line":106,"column":15},"end":{"line":106,"column":38}},{"start":{"line":106,"column":38},"end":{"line":106,"column":null}},{"start":{"line":107,"column":16},"end":{"line":126,"column":null}}],"line":106},"6":{"loc":{"start":{"line":109,"column":21},"end":{"line":111,"column":null}},"type":"cond-expr","locations":[{"start":{"line":110,"column":24},"end":{"line":110,"column":null}},{"start":{"line":111,"column":24},"end":{"line":111,"column":null}}],"line":109},"7":{"loc":{"start":{"line":109,"column":21},"end":{"line":109,"column":null}},"type":"binary-expr","locations":[{"start":{"line":109,"column":21},"end":{"line":109,"column":61}},{"start":{"line":109,"column":61},"end":{"line":109,"column":null}}],"line":109},"8":{"loc":{"start":{"line":110,"column":28},"end":{"line":110,"column":70}},"type":"binary-expr","locations":[{"start":{"line":110,"column":28},"end":{"line":110,"column":63}},{"start":{"line":110,"column":63},"end":{"line":110,"column":70}}],"line":110},"9":{"loc":{"start":{"line":110,"column":76},"end":{"line":110,"column":138}},"type":"binary-expr","locations":[{"start":{"line":110,"column":76},"end":{"line":110,"column":114}},{"start":{"line":110,"column":114},"end":{"line":110,"column":138}}],"line":110},"10":{"loc":{"start":{"line":113,"column":19},"end":{"line":116,"column":null}},"type":"binary-expr","locations":[{"start":{"line":113,"column":19},"end":{"line":113,"column":59}},{"start":{"line":113,"column":59},"end":{"line":113,"column":89}},{"start":{"line":113,"column":89},"end":{"line":113,"column":null}},{"start":{"line":114,"column":20},"end":{"line":116,"column":null}}],"line":113},"11":{"loc":{"start":{"line":118,"column":19},"end":{"line":124,"column":null}},"type":"binary-expr","locations":[{"start":{"line":118,"column":19},"end":{"line":118,"column":null}},{"start":{"line":119,"column":20},"end":{"line":124,"column":null}}],"line":118}},"s":{"0":1,"1":10,"2":10,"3":10,"4":5,"5":5,"6":5,"7":5,"8":5,"9":5,"10":5,"11":1,"12":26,"13":15,"14":3,"15":12,"16":0,"17":11},"f":{"0":10,"1":1,"2":5,"3":1,"4":26,"5":0},"b":{"0":[5,0],"1":[5,0],"2":[0,0],"3":[15,11],"4":[3,12],"5":[12,12,12],"6":[12,0],"7":[12,12],"8":[12,0],"9":[12,0],"10":[12,12,12,12],"11":[12,4]},"meta":{"lastBranch":12,"lastFunction":6,"lastStatement":18,"seen":{"s:75:16:82:Infinity":0,"f:29:2:29:14":0,"s:30:4:30:Infinity":1,"s:31:4:35:Infinity":2,"f:38:9:38:34":1,"s:40:4:43:Infinity":3,"f:46:2:46:20":2,"s:47:20:47:Infinity":4,"b:47:64:47:85:47:85:47:Infinity":0,"s:48:23:48:Infinity":5,"b:48:70:48:94:48:94:48:Infinity":1,"b:48:101:48:110:48:110:48:125":2,"s:49:22:49:Infinity":6,"s:51:4:54:Infinity":7,"s:57:4:61:Infinity":8,"s:63:4:67:Infinity":9,"s:70:4:72:Infinity":10,"f:75:16:75:22":3,"s:77:4:81:Infinity":11,"f:84:2:84:11":4,"b:85:4:150:Infinity:undefined:undefined:undefined:undefined":3,"s:85:4:150:Infinity":12,"b:87:6:89:Infinity:undefined:undefined:undefined:undefined":4,"s:87:6:89:Infinity":13,"s:88:8:88:Infinity":14,"s:92:6:148:Infinity":15,"b:106:15:106:38:106:38:106:Infinity:107:16:126:Infinity":5,"b:110:24:110:Infinity:111:24:111:Infinity":6,"b:109:21:109:61:109:61:109:Infinity":7,"b:110:28:110:63:110:63:110:70":8,"b:110:76:110:114:110:114:110:138":9,"b:113:19:113:59:113:59:113:89:113:89:113:Infinity:114:20:116:Infinity":10,"b:118:19:118:Infinity:119:20:124:Infinity":11,"f:139:27:139:33":5,"s:139:33:139:Infinity":16,"s:152:4:152:Infinity":17}}}
,"/Users/balabiturembek/Desktop/hubnity/src/components/FailedTasksDialog.tsx": {"path":"/Users/balabiturembek/Desktop/hubnity/src/components/FailedTasksDialog.tsx","statementMap":{"0":{"start":{"line":37,"column":24},"end":{"line":37,"column":null}},"1":{"start":{"line":38,"column":32},"end":{"line":38,"column":null}},"2":{"start":{"line":39,"column":34},"end":{"line":39,"column":null}},"3":{"start":{"line":40,"column":24},"end":{"line":40,"column":null}},"4":{"start":{"line":43,"column":8},"end":{"line":43,"column":null}},"5":{"start":{"line":45,"column":2},"end":{"line":50,"column":null}},"6":{"start":{"line":46,"column":4},"end":{"line":46,"column":null}},"7":{"start":{"line":47,"column":4},"end":{"line":49,"column":null}},"8":{"start":{"line":48,"column":6},"end":{"line":48,"column":null}},"9":{"start":{"line":53,"column":8},"end":{"line":80,"column":null}},"10":{"start":{"line":55,"column":4},"end":{"line":55,"column":null}},"11":{"start":{"line":55,"column":31},"end":{"line":55,"column":null}},"12":{"start":{"line":57,"column":4},"end":{"line":57,"column":null}},"13":{"start":{"line":58,"column":4},"end":{"line":58,"column":null}},"14":{"start":{"line":59,"column":4},"end":{"line":79,"column":null}},"15":{"start":{"line":60,"column":21},"end":{"line":62,"column":null}},"16":{"start":{"line":65,"column":6},"end":{"line":65,"column":null}},"17":{"start":{"line":65,"column":33},"end":{"line":65,"column":null}},"18":{"start":{"line":67,"column":6},"end":{"line":67,"column":null}},"19":{"start":{"line":70,"column":6},"end":{"line":70,"column":null}},"20":{"start":{"line":70,"column":33},"end":{"line":70,"column":null}},"21":{"start":{"line":72,"column":6},"end":{"line":72,"column":null}},"22":{"start":{"line":73,"column":6},"end":{"line":73,"column":null}},"23":{"start":{"line":76,"column":6},"end":{"line":78,"column":null}},"24":{"start":{"line":77,"column":8},"end":{"line":77,"column":null}},"25":{"start":{"line":82,"column":22},"end":{"line":118,"column":null}},"26":{"start":{"line":84,"column":4},"end":{"line":84,"column":null}},"27":{"start":{"line":84,"column":31},"end":{"line":84,"column":null}},"28":{"start":{"line":86,"column":4},"end":{"line":86,"column":null}},"29":{"start":{"line":87,"column":4},"end":{"line":87,"column":null}},"30":{"start":{"line":88,"column":4},"end":{"line":117,"column":null}},"31":{"start":{"line":89,"column":20},"end":{"line":91,"column":null}},"32":{"start":{"line":94,"column":6},"end":{"line":94,"column":null}},"33":{"start":{"line":94,"column":33},"end":{"line":94,"column":null}},"34":{"start":{"line":96,"column":6},"end":{"line":96,"column":null}},"35":{"start":{"line":97,"column":6},"end":{"line":97,"column":null}},"36":{"start":{"line":99,"column":6},"end":{"line":105,"column":null}},"37":{"start":{"line":104,"column":8},"end":{"line":104,"column":null}},"38":{"start":{"line":108,"column":6},"end":{"line":108,"column":null}},"39":{"start":{"line":108,"column":33},"end":{"line":108,"column":null}},"40":{"start":{"line":110,"column":6},"end":{"line":110,"column":null}},"41":{"start":{"line":111,"column":6},"end":{"line":111,"column":null}},"42":{"start":{"line":114,"column":6},"end":{"line":116,"column":null}},"43":{"start":{"line":115,"column":8},"end":{"line":115,"column":null}},"44":{"start":{"line":120,"column":2},"end":{"line":124,"column":null}},"45":{"start":{"line":121,"column":4},"end":{"line":123,"column":null}},"46":{"start":{"line":122,"column":6},"end":{"line":122,"column":null}},"47":{"start":{"line":126,"column":21},"end":{"line":128,"column":null}},"48":{"start":{"line":127,"column":4},"end":{"line":127,"column":null}},"49":{"start":{"line":130,"column":29},"end":{"line":140,"column":null}},"50":{"start":{"line":131,"column":43},"end":{"line":138,"column":null}},"51":{"start":{"line":139,"column":4},"end":{"line":139,"column":null}},"52":{"start":{"line":142,"column":28},"end":{"line":155,"column":null}},"53":{"start":{"line":143,"column":4},"end":{"line":154,"column":null}},"54":{"start":{"line":144,"column":21},"end":{"line":144,"column":null}},"55":{"start":{"line":146,"column":24},"end":{"line":146,"column":null}},"56":{"start":{"line":147,"column":6},"end":{"line":147,"column":null}},"57":{"start":{"line":148,"column":6},"end":{"line":148,"column":null}},"58":{"start":{"line":149,"column":6},"end":{"line":149,"column":null}},"59":{"start":{"line":150,"column":6},"end":{"line":150,"column":null}},"60":{"start":{"line":151,"column":6},"end":{"line":151,"column":null}},"61":{"start":{"line":153,"column":6},"end":{"line":153,"column":null}},"62":{"start":{"line":157,"column":2},"end":{"line":282,"column":null}},"63":{"start":{"line":189,"column":16},"end":{"line":241,"column":null}}},"fnMap":{"0":{"name":"FailedTasksDialog","decl":{"start":{"line":31,"column":16},"end":{"line":31,"column":34}},"loc":{"start":{"line":36,"column":27},"end":{"line":284,"column":null}},"line":36},"1":{"name":"(anonymous_1)","decl":{"start":{"line":45,"column":12},"end":{"line":45,"column":18}},"loc":{"start":{"line":45,"column":18},"end":{"line":50,"column":5}},"line":45},"2":{"name":"(anonymous_2)","decl":{"start":{"line":47,"column":11},"end":{"line":47,"column":17}},"loc":{"start":{"line":47,"column":17},"end":{"line":49,"column":null}},"line":47},"3":{"name":"(anonymous_3)","decl":{"start":{"line":53,"column":38},"end":{"line":53,"column":50}},"loc":{"start":{"line":53,"column":50},"end":{"line":80,"column":5}},"line":53},"4":{"name":"(anonymous_4)","decl":{"start":{"line":82,"column":22},"end":{"line":82,"column":34}},"loc":{"start":{"line":82,"column":34},"end":{"line":118,"column":null}},"line":82},"5":{"name":"(anonymous_5)","decl":{"start":{"line":102,"column":15},"end":{"line":102,"column":16}},"loc":{"start":{"line":102,"column":22},"end":{"line":105,"column":7}},"line":102},"6":{"name":"(anonymous_6)","decl":{"start":{"line":120,"column":12},"end":{"line":120,"column":18}},"loc":{"start":{"line":120,"column":18},"end":{"line":124,"column":5}},"line":120},"7":{"name":"(anonymous_7)","decl":{"start":{"line":126,"column":21},"end":{"line":126,"column":22}},"loc":{"start":{"line":126,"column":44},"end":{"line":128,"column":null}},"line":126},"8":{"name":"(anonymous_8)","decl":{"start":{"line":130,"column":29},"end":{"line":130,"column":30}},"loc":{"start":{"line":130,"column":53},"end":{"line":140,"column":null}},"line":130},"9":{"name":"(anonymous_9)","decl":{"start":{"line":142,"column":28},"end":{"line":142,"column":29}},"loc":{"start":{"line":142,"column":49},"end":{"line":155,"column":null}},"line":142},"10":{"name":"(anonymous_10)","decl":{"start":{"line":188,"column":25},"end":{"line":188,"column":26}},"loc":{"start":{"line":189,"column":16},"end":{"line":241,"column":null}},"line":189}},"branchMap":{"0":{"loc":{"start":{"line":55,"column":4},"end":{"line":55,"column":null}},"type":"if","locations":[{"start":{"line":55,"column":4},"end":{"line":55,"column":null}},{"start":{},"end":{}}],"line":55},"1":{"loc":{"start":{"line":65,"column":6},"end":{"line":65,"column":null}},"type":"if","locations":[{"start":{"line":65,"column":6},"end":{"line":65,"column":null}},{"start":{},"end":{}}],"line":65},"2":{"loc":{"start":{"line":70,"column":6},"end":{"line":70,"column":null}},"type":"if","locations":[{"start":{"line":70,"column":6},"end":{"line":70,"column":null}},{"start":{},"end":{}}],"line":70},"3":{"loc":{"start":{"line":72,"column":15},"end":{"line":72,"column":59}},"type":"binary-expr","locations":[{"start":{"line":72,"column":15},"end":{"line":72,"column":30}},{"start":{"line":72,"column":30},"end":{"line":72,"column":59}}],"line":72},"4":{"loc":{"start":{"line":76,"column":6},"end":{"line":78,"column":null}},"type":"if","locations":[{"start":{"line":76,"column":6},"end":{"line":78,"column":null}},{"start":{},"end":{}}],"line":76},"5":{"loc":{"start":{"line":84,"column":4},"end":{"line":84,"column":null}},"type":"if","locations":[{"start":{"line":84,"column":4},"end":{"line":84,"column":null}},{"start":{},"end":{}}],"line":84},"6":{"loc":{"start":{"line":94,"column":6},"end":{"line":94,"column":null}},"type":"if","locations":[{"start":{"line":94,"column":6},"end":{"line":94,"column":null}},{"start":{},"end":{}}],"line":94},"7":{"loc":{"start":{"line":108,"column":6},"end":{"line":108,"column":null}},"type":"if","locations":[{"start":{"line":108,"column":6},"end":{"line":108,"column":null}},{"start":{},"end":{}}],"line":108},"8":{"loc":{"start":{"line":110,"column":15},"end":{"line":110,"column":52}},"type":"binary-expr","locations":[{"start":{"line":110,"column":15},"end":{"line":110,"column":30}},{"start":{"line":110,"column":30},"end":{"line":110,"column":52}}],"line":110},"9":{"loc":{"start":{"line":114,"column":6},"end":{"line":116,"column":null}},"type":"if","locations":[{"start":{"line":114,"column":6},"end":{"line":116,"column":null}},{"start":{},"end":{}}],"line":114},"10":{"loc":{"start":{"line":121,"column":4},"end":{"line":123,"column":null}},"type":"if","locations":[{"start":{"line":121,"column":4},"end":{"line":123,"column":null}},{"start":{},"end":{}}],"line":121},"11":{"loc":{"start":{"line":139,"column":11},"end":{"line":139,"column":null}},"type":"binary-expr","locations":[{"start":{"line":139,"column":11},"end":{"line":139,"column":33}},{"start":{"line":139,"column":33},"end":{"line":139,"column":null}}],"line":139},"12":{"loc":{"start":{"line":171,"column":11},"end":{"line":243,"column":null}},"type":"cond-expr","locations":[{"start":{"line":172,"column":12},"end":{"line":177,"column":null}},{"start":{"line":178,"column":14},"end":{"line":243,"column":null}}],"line":171},"13":{"loc":{"start":{"line":178,"column":14},"end":{"line":243,"column":null}},"type":"cond-expr","locations":[{"start":{"line":179,"column":12},"end":{"line":181,"column":null}},{"start":{"line":182,"column":14},"end":{"line":243,"column":null}}],"line":178},"14":{"loc":{"start":{"line":182,"column":14},"end":{"line":243,"column":null}},"type":"cond-expr","locations":[{"start":{"line":183,"column":12},"end":{"line":185,"column":null}},{"start":{"line":187,"column":12},"end":{"line":243,"column":null}}],"line":182},"15":{"loc":{"start":{"line":209,"column":23},"end":{"line":213,"column":null}},"type":"binary-expr","locations":[{"start":{"line":209,"column":23},"end":{"line":209,"column":null}},{"start":{"line":210,"column":24},"end":{"line":213,"column":null}}],"line":209},"16":{"loc":{"start":{"line":215,"column":23},"end":{"line":229,"column":null}},"type":"cond-expr","locations":[{"start":{"line":216,"column":24},"end":{"line":223,"column":null}},{"start":{"line":225,"column":24},"end":{"line":229,"column":null}}],"line":215},"17":{"loc":{"start":{"line":265,"column":24},"end":{"line":265,"column":null}},"type":"binary-expr","locations":[{"start":{"line":265,"column":24},"end":{"line":265,"column":38}},{"start":{"line":265,"column":38},"end":{"line":265,"column":null}}],"line":265},"18":{"loc":{"start":{"line":267,"column":15},"end":{"line":276,"column":null}},"type":"cond-expr","locations":[{"start":{"line":268,"column":16},"end":{"line":271,"column":null}},{"start":{"line":273,"column":16},"end":{"line":276,"column":null}}],"line":267}},"s":{"0":18,"1":18,"2":18,"3":18,"4":18,"5":18,"6":8,"7":8,"8":8,"9":18,"10":3,"11":0,"12":3,"13":3,"14":3,"15":3,"16":3,"17":0,"18":3,"19":0,"20":0,"21":0,"22":0,"23":3,"24":3,"25":18,"26":1,"27":0,"28":1,"29":1,"30":1,"31":1,"32":1,"33":0,"34":1,"35":1,"36":1,"37":0,"38":0,"39":0,"40":0,"41":0,"42":1,"43":1,"44":18,"45":8,"46":2,"47":18,"48":2,"49":18,"50":1,"51":1,"52":18,"53":1,"54":1,"55":1,"56":1,"57":1,"58":1,"59":1,"60":1,"61":0,"62":18,"63":1},"f":{"0":18,"1":8,"2":8,"3":3,"4":1,"5":0,"6":8,"7":2,"8":1,"9":1,"10":1},"b":{"0":[0,3],"1":[0,3],"2":[0,0],"3":[0,0],"4":[3,0],"5":[0,1],"6":[0,1],"7":[0,0],"8":[0,0],"9":[1,0],"10":[2,6],"11":[1,0],"12":[2,16],"13":[0,16],"14":[15,1],"15":[1,1],"16":[1,0],"17":[18,17],"18":[1,17]},"meta":{"lastBranch":19,"lastFunction":11,"lastStatement":64,"seen":{"f:31:16:31:34":0,"s:37:24:37:Infinity":0,"s:38:32:38:Infinity":1,"s:39:34:39:Infinity":2,"s:40:24:40:Infinity":3,"s:43:8:43:Infinity":4,"s:45:2:50:Infinity":5,"f:45:12:45:18":1,"s:46:4:46:Infinity":6,"s:47:4:49:Infinity":7,"f:47:11:47:17":2,"s:48:6:48:Infinity":8,"s:53:8:80:Infinity":9,"f:53:38:53:50":3,"b:55:4:55:Infinity:undefined:undefined:undefined:undefined":0,"s:55:4:55:Infinity":10,"s:55:31:55:Infinity":11,"s:57:4:57:Infinity":12,"s:58:4:58:Infinity":13,"s:59:4:79:Infinity":14,"s:60:21:62:Infinity":15,"b:65:6:65:Infinity:undefined:undefined:undefined:undefined":1,"s:65:6:65:Infinity":16,"s:65:33:65:Infinity":17,"s:67:6:67:Infinity":18,"b:70:6:70:Infinity:undefined:undefined:undefined:undefined":2,"s:70:6:70:Infinity":19,"s:70:33:70:Infinity":20,"s:72:6:72:Infinity":21,"b:72:15:72:30:72:30:72:59":3,"s:73:6:73:Infinity":22,"b:76:6:78:Infinity:undefined:undefined:undefined:undefined":4,"s:76:6:78:Infinity":23,"s:77:8:77:Infinity":24,"s:82:22:118:Infinity":25,"f:82:22:82:34":4,"b:84:4:84:Infinity:undefined:undefined:undefined:undefined":5,"s:84:4:84:Infinity":26,"s:84:31:84:Infinity":27,"s:86:4:86:Infinity":28,"s:87:4:87:Infinity":29,"s:88:4:117:Infinity":30,"s:89:20:91:Infinity":31,"b:94:6:94:Infinity:undefined:undefined:undefined:undefined":6,"s:94:6:94:Infinity":32,"s:94:33:94:Infinity":33,"s:96:6:96:Infinity":34,"s:97:6:97:Infinity":35,"s:99:6:105:Infinity":36,"f:102:15:102:16":5,"s:104:8:104:Infinity":37,"b:108:6:108:Infinity:undefined:undefined:undefined:undefined":7,"s:108:6:108:Infinity":38,"s:108:33:108:Infinity":39,"s:110:6:110:Infinity":40,"b:110:15:110:30:110:30:110:52":8,"s:111:6:111:Infinity":41,"b:114:6:116:Infinity:undefined:undefined:undefined:undefined":9,"s:114:6:116:Infinity":42,"s:115:8:115:Infinity":43,"s:120:2:124:Infinity":44,"f:120:12:120:18":6,"b:121:4:123:Infinity:undefined:undefined:undefined:undefined":10,"s:121:4:123:Infinity":45,"s:122:6:122:Infinity":46,"s:126:21:128:Infinity":47,"f:126:21:126:22":7,"s:127:4:127:Infinity":48,"s:130:29:140:Infinity":49,"f:130:29:130:30":8,"s:131:43:138:Infinity":50,"s:139:4:139:Infinity":51,"b:139:11:139:33:139:33:139:Infinity":11,"s:142:28:155:Infinity":52,"f:142:28:142:29":9,"s:143:4:154:Infinity":53,"s:144:21:144:Infinity":54,"s:146:24:146:Infinity":55,"s:147:6:147:Infinity":56,"s:148:6:148:Infinity":57,"s:149:6:149:Infinity":58,"s:150:6:150:Infinity":59,"s:151:6:151:Infinity":60,"s:153:6:153:Infinity":61,"s:157:2:282:Infinity":62,"b:172:12:177:Infinity:178:14:243:Infinity":12,"b:179:12:181:Infinity:182:14:243:Infinity":13,"b:183:12:185:Infinity:187:12:243:Infinity":14,"f:188:25:188:26":10,"s:189:16:241:Infinity":63,"b:209:23:209:Infinity:210:24:213:Infinity":15,"b:216:24:223:Infinity:225:24:229:Infinity":16,"b:265:24:265:38:265:38:265:Infinity":17,"b:268:16:271:Infinity:273:16:276:Infinity":18}}}
,"/Users/balabiturembek/Desktop/hubnity/src/components/IdleWindow.tsx": {"path":"/Users/balabiturembek/Desktop/hubnity/src/components/IdleWindow.tsx","statementMap":{"0":{"start":{"line":16,"column":23},"end":{"line":16,"column":null}},"1":{"start":{"line":17,"column":23},"end":{"line":17,"column":null}},"2":{"start":{"line":18,"column":21},"end":{"line":18,"column":null}},"3":{"start":{"line":19,"column":15},"end":{"line":19,"column":null}},"4":{"start":{"line":21,"column":2},"end":{"line":29,"column":null}},"5":{"start":{"line":22,"column":27},"end":{"line":22,"column":null}},"6":{"start":{"line":23,"column":4},"end":{"line":25,"column":null}},"7":{"start":{"line":24,"column":6},"end":{"line":24,"column":null}},"8":{"start":{"line":26,"column":4},"end":{"line":28,"column":null}},"9":{"start":{"line":30,"column":2},"end":{"line":38,"column":null}},"10":{"start":{"line":31,"column":29},"end":{"line":31,"column":null}},"11":{"start":{"line":32,"column":4},"end":{"line":34,"column":null}},"12":{"start":{"line":33,"column":6},"end":{"line":33,"column":null}},"13":{"start":{"line":35,"column":14},"end":{"line":35,"column":null}},"14":{"start":{"line":36,"column":14},"end":{"line":36,"column":null}},"15":{"start":{"line":37,"column":4},"end":{"line":37,"column":null}},"16":{"start":{"line":39,"column":2},"end":{"line":39,"column":null}},"17":{"start":{"line":43,"column":30},"end":{"line":43,"column":null}},"18":{"start":{"line":44,"column":32},"end":{"line":44,"column":null}},"19":{"start":{"line":45,"column":50},"end":{"line":45,"column":null}},"20":{"start":{"line":46,"column":46},"end":{"line":46,"column":null}},"21":{"start":{"line":47,"column":36},"end":{"line":47,"column":null}},"22":{"start":{"line":50,"column":8},"end":{"line":50,"column":null}},"23":{"start":{"line":52,"column":2},"end":{"line":57,"column":null}},"24":{"start":{"line":53,"column":4},"end":{"line":53,"column":null}},"25":{"start":{"line":54,"column":4},"end":{"line":56,"column":null}},"26":{"start":{"line":55,"column":6},"end":{"line":55,"column":null}},"27":{"start":{"line":60,"column":2},"end":{"line":62,"column":null}},"28":{"start":{"line":61,"column":4},"end":{"line":61,"column":null}},"29":{"start":{"line":65,"column":8},"end":{"line":65,"column":null}},"30":{"start":{"line":66,"column":8},"end":{"line":66,"column":null}},"31":{"start":{"line":67,"column":8},"end":{"line":67,"column":null}},"32":{"start":{"line":69,"column":2},"end":{"line":209,"column":null}},"33":{"start":{"line":70,"column":20},"end":{"line":70,"column":null}},"34":{"start":{"line":71,"column":4},"end":{"line":71,"column":null}},"35":{"start":{"line":73,"column":4},"end":{"line":73,"column":null}},"36":{"start":{"line":75,"column":29},"end":{"line":75,"column":null}},"37":{"start":{"line":77,"column":24},"end":{"line":129,"column":null}},"38":{"start":{"line":79,"column":6},"end":{"line":79,"column":null}},"39":{"start":{"line":79,"column":22},"end":{"line":79,"column":null}},"40":{"start":{"line":81,"column":6},"end":{"line":81,"column":null}},"41":{"start":{"line":84,"column":42},"end":{"line":84,"column":null}},"42":{"start":{"line":85,"column":6},"end":{"line":93,"column":null}},"43":{"start":{"line":86,"column":25},"end":{"line":86,"column":null}},"44":{"start":{"line":87,"column":8},"end":{"line":92,"column":null}},"45":{"start":{"line":88,"column":10},"end":{"line":88,"column":null}},"46":{"start":{"line":89,"column":10},"end":{"line":89,"column":null}},"47":{"start":{"line":91,"column":10},"end":{"line":91,"column":null}},"48":{"start":{"line":96,"column":45},"end":{"line":96,"column":null}},"49":{"start":{"line":97,"column":6},"end":{"line":102,"column":null}},"50":{"start":{"line":98,"column":25},"end":{"line":98,"column":null}},"51":{"start":{"line":99,"column":8},"end":{"line":101,"column":null}},"52":{"start":{"line":100,"column":10},"end":{"line":100,"column":null}},"53":{"start":{"line":105,"column":6},"end":{"line":105,"column":null}},"54":{"start":{"line":105,"column":22},"end":{"line":105,"column":null}},"55":{"start":{"line":107,"column":6},"end":{"line":107,"column":null}},"56":{"start":{"line":108,"column":6},"end":{"line":108,"column":null}},"57":{"start":{"line":109,"column":6},"end":{"line":109,"column":null}},"58":{"start":{"line":112,"column":6},"end":{"line":112,"column":null}},"59":{"start":{"line":115,"column":23},"end":{"line":115,"column":null}},"60":{"start":{"line":116,"column":6},"end":{"line":128,"column":null}},"61":{"start":{"line":117,"column":20},"end":{"line":117,"column":null}},"62":{"start":{"line":118,"column":28},"end":{"line":118,"column":null}},"63":{"start":{"line":120,"column":33},"end":{"line":120,"column":null}},"64":{"start":{"line":122,"column":31},"end":{"line":122,"column":null}},"65":{"start":{"line":123,"column":8},"end":{"line":123,"column":null}},"66":{"start":{"line":124,"column":8},"end":{"line":124,"column":null}},"67":{"start":{"line":126,"column":8},"end":{"line":126,"column":null}},"68":{"start":{"line":127,"column":8},"end":{"line":127,"column":null}},"69":{"start":{"line":131,"column":26},"end":{"line":192,"column":null}},"70":{"start":{"line":132,"column":6},"end":{"line":191,"column":null}},"71":{"start":{"line":133,"column":8},"end":{"line":133,"column":null}},"72":{"start":{"line":136,"column":32},"end":{"line":164,"column":null}},"73":{"start":{"line":137,"column":10},"end":{"line":137,"column":null}},"74":{"start":{"line":140,"column":41},"end":{"line":140,"column":null}},"75":{"start":{"line":141,"column":27},"end":{"line":141,"column":null}},"76":{"start":{"line":143,"column":10},"end":{"line":151,"column":null}},"77":{"start":{"line":144,"column":29},"end":{"line":144,"column":null}},"78":{"start":{"line":145,"column":12},"end":{"line":150,"column":null}},"79":{"start":{"line":146,"column":14},"end":{"line":146,"column":null}},"80":{"start":{"line":147,"column":14},"end":{"line":147,"column":null}},"81":{"start":{"line":149,"column":14},"end":{"line":149,"column":null}},"82":{"start":{"line":153,"column":44},"end":{"line":153,"column":null}},"83":{"start":{"line":154,"column":34},"end":{"line":154,"column":null}},"84":{"start":{"line":155,"column":10},"end":{"line":160,"column":null}},"85":{"start":{"line":156,"column":29},"end":{"line":156,"column":null}},"86":{"start":{"line":157,"column":12},"end":{"line":159,"column":null}},"87":{"start":{"line":158,"column":14},"end":{"line":158,"column":null}},"88":{"start":{"line":162,"column":26},"end":{"line":162,"column":null}},"89":{"start":{"line":163,"column":10},"end":{"line":163,"column":null}},"90":{"start":{"line":167,"column":8},"end":{"line":170,"column":null}},"91":{"start":{"line":168,"column":10},"end":{"line":168,"column":null}},"92":{"start":{"line":169,"column":10},"end":{"line":169,"column":null}},"93":{"start":{"line":171,"column":8},"end":{"line":171,"column":null}},"94":{"start":{"line":173,"column":8},"end":{"line":173,"column":null}},"95":{"start":{"line":176,"column":29},"end":{"line":182,"column":null}},"96":{"start":{"line":177,"column":10},"end":{"line":181,"column":null}},"97":{"start":{"line":178,"column":12},"end":{"line":178,"column":null}},"98":{"start":{"line":180,"column":12},"end":{"line":180,"column":null}},"99":{"start":{"line":183,"column":8},"end":{"line":183,"column":null}},"100":{"start":{"line":184,"column":8},"end":{"line":184,"column":null}},"101":{"start":{"line":185,"column":8},"end":{"line":185,"column":null}},"102":{"start":{"line":187,"column":8},"end":{"line":187,"column":null}},"103":{"start":{"line":187,"column":34},"end":{"line":187,"column":null}},"104":{"start":{"line":188,"column":8},"end":{"line":188,"column":null}},"105":{"start":{"line":190,"column":8},"end":{"line":190,"column":null}},"106":{"start":{"line":194,"column":4},"end":{"line":194,"column":null}},"107":{"start":{"line":196,"column":4},"end":{"line":208,"column":null}},"108":{"start":{"line":197,"column":6},"end":{"line":197,"column":null}},"109":{"start":{"line":198,"column":6},"end":{"line":198,"column":null}},"110":{"start":{"line":199,"column":6},"end":{"line":199,"column":null}},"111":{"start":{"line":200,"column":6},"end":{"line":203,"column":null}},"112":{"start":{"line":201,"column":8},"end":{"line":201,"column":null}},"113":{"start":{"line":202,"column":8},"end":{"line":202,"column":null}},"114":{"start":{"line":204,"column":6},"end":{"line":207,"column":null}},"115":{"start":{"line":205,"column":8},"end":{"line":205,"column":null}},"116":{"start":{"line":206,"column":8},"end":{"line":206,"column":null}},"117":{"start":{"line":213,"column":19},"end":{"line":213,"column":null}},"118":{"start":{"line":214,"column":2},"end":{"line":253,"column":null}},"119":{"start":{"line":215,"column":20},"end":{"line":215,"column":null}},"120":{"start":{"line":217,"column":4},"end":{"line":252,"column":null}},"121":{"start":{"line":218,"column":31},"end":{"line":218,"column":null}},"122":{"start":{"line":220,"column":25},"end":{"line":233,"column":null}},"123":{"start":{"line":222,"column":8},"end":{"line":222,"column":null}},"124":{"start":{"line":222,"column":24},"end":{"line":222,"column":null}},"125":{"start":{"line":224,"column":20},"end":{"line":224,"column":null}},"126":{"start":{"line":225,"column":28},"end":{"line":225,"column":null}},"127":{"start":{"line":228,"column":33},"end":{"line":228,"column":null}},"128":{"start":{"line":230,"column":31},"end":{"line":230,"column":null}},"129":{"start":{"line":232,"column":8},"end":{"line":232,"column":null}},"130":{"start":{"line":236,"column":6},"end":{"line":236,"column":null}},"131":{"start":{"line":239,"column":23},"end":{"line":241,"column":null}},"132":{"start":{"line":240,"column":8},"end":{"line":240,"column":null}},"133":{"start":{"line":243,"column":6},"end":{"line":246,"column":null}},"134":{"start":{"line":244,"column":8},"end":{"line":244,"column":null}},"135":{"start":{"line":245,"column":8},"end":{"line":245,"column":null}},"136":{"start":{"line":248,"column":6},"end":{"line":248,"column":null}},"137":{"start":{"line":249,"column":6},"end":{"line":251,"column":null}},"138":{"start":{"line":250,"column":8},"end":{"line":250,"column":null}},"139":{"start":{"line":255,"column":23},"end":{"line":277,"column":null}},"140":{"start":{"line":256,"column":4},"end":{"line":256,"column":null}},"141":{"start":{"line":256,"column":19},"end":{"line":256,"column":null}},"142":{"start":{"line":258,"column":4},"end":{"line":276,"column":null}},"143":{"start":{"line":259,"column":6},"end":{"line":259,"column":null}},"144":{"start":{"line":260,"column":6},"end":{"line":260,"column":null}},"145":{"start":{"line":263,"column":6},"end":{"line":263,"column":null}},"146":{"start":{"line":265,"column":6},"end":{"line":267,"column":null}},"147":{"start":{"line":266,"column":8},"end":{"line":266,"column":null}},"148":{"start":{"line":268,"column":6},"end":{"line":275,"column":null}},"149":{"start":{"line":269,"column":8},"end":{"line":272,"column":null}},"150":{"start":{"line":279,"column":21},"end":{"line":301,"column":null}},"151":{"start":{"line":280,"column":4},"end":{"line":280,"column":null}},"152":{"start":{"line":280,"column":19},"end":{"line":280,"column":null}},"153":{"start":{"line":282,"column":4},"end":{"line":300,"column":null}},"154":{"start":{"line":283,"column":6},"end":{"line":283,"column":null}},"155":{"start":{"line":284,"column":6},"end":{"line":284,"column":null}},"156":{"start":{"line":287,"column":6},"end":{"line":287,"column":null}},"157":{"start":{"line":289,"column":6},"end":{"line":291,"column":null}},"158":{"start":{"line":290,"column":8},"end":{"line":290,"column":null}},"159":{"start":{"line":292,"column":6},"end":{"line":299,"column":null}},"160":{"start":{"line":293,"column":8},"end":{"line":296,"column":null}},"161":{"start":{"line":303,"column":2},"end":{"line":363,"column":null}},"162":{"start":{"line":324,"column":14},"end":{"line":329,"column":null}},"163":{"start":{"line":325,"column":16},"end":{"line":328,"column":null}}},"fnMap":{"0":{"name":"formatIdleTime","decl":{"start":{"line":15,"column":9},"end":{"line":15,"column":24}},"loc":{"start":{"line":15,"column":49},"end":{"line":40,"column":null}},"line":15},"1":{"name":"IdleWindow","decl":{"start":{"line":42,"column":16},"end":{"line":42,"column":29}},"loc":{"start":{"line":42,"column":29},"end":{"line":365,"column":null}},"line":42},"2":{"name":"(anonymous_2)","decl":{"start":{"line":52,"column":12},"end":{"line":52,"column":18}},"loc":{"start":{"line":52,"column":18},"end":{"line":57,"column":5}},"line":52},"3":{"name":"(anonymous_3)","decl":{"start":{"line":54,"column":11},"end":{"line":54,"column":17}},"loc":{"start":{"line":54,"column":17},"end":{"line":56,"column":null}},"line":54},"4":{"name":"(anonymous_4)","decl":{"start":{"line":60,"column":12},"end":{"line":60,"column":18}},"loc":{"start":{"line":60,"column":18},"end":{"line":62,"column":5}},"line":60},"5":{"name":"(anonymous_5)","decl":{"start":{"line":69,"column":12},"end":{"line":69,"column":18}},"loc":{"start":{"line":69,"column":18},"end":{"line":209,"column":5}},"line":69},"6":{"name":"(anonymous_6)","decl":{"start":{"line":77,"column":24},"end":{"line":77,"column":25}},"loc":{"start":{"line":77,"column":125},"end":{"line":129,"column":null}},"line":77},"7":{"name":"(anonymous_7)","decl":{"start":{"line":131,"column":26},"end":{"line":131,"column":38}},"loc":{"start":{"line":131,"column":38},"end":{"line":192,"column":null}},"line":131},"8":{"name":"(anonymous_8)","decl":{"start":{"line":136,"column":188},"end":{"line":136,"column":189}},"loc":{"start":{"line":136,"column":199},"end":{"line":164,"column":9}},"line":136},"9":{"name":"(anonymous_9)","decl":{"start":{"line":176,"column":29},"end":{"line":176,"column":41}},"loc":{"start":{"line":176,"column":41},"end":{"line":182,"column":null}},"line":176},"10":{"name":"(anonymous_10)","decl":{"start":{"line":196,"column":11},"end":{"line":196,"column":17}},"loc":{"start":{"line":196,"column":17},"end":{"line":208,"column":null}},"line":196},"11":{"name":"(anonymous_11)","decl":{"start":{"line":214,"column":12},"end":{"line":214,"column":18}},"loc":{"start":{"line":214,"column":18},"end":{"line":253,"column":5}},"line":214},"12":{"name":"(anonymous_12)","decl":{"start":{"line":220,"column":25},"end":{"line":220,"column":31}},"loc":{"start":{"line":220,"column":31},"end":{"line":233,"column":null}},"line":220},"13":{"name":"(anonymous_13)","decl":{"start":{"line":239,"column":35},"end":{"line":239,"column":41}},"loc":{"start":{"line":239,"column":41},"end":{"line":241,"column":9}},"line":239},"14":{"name":"(anonymous_14)","decl":{"start":{"line":243,"column":13},"end":{"line":243,"column":19}},"loc":{"start":{"line":243,"column":19},"end":{"line":246,"column":null}},"line":243},"15":{"name":"(anonymous_15)","decl":{"start":{"line":249,"column":13},"end":{"line":249,"column":19}},"loc":{"start":{"line":249,"column":19},"end":{"line":251,"column":null}},"line":249},"16":{"name":"(anonymous_16)","decl":{"start":{"line":255,"column":23},"end":{"line":255,"column":35}},"loc":{"start":{"line":255,"column":35},"end":{"line":277,"column":null}},"line":255},"17":{"name":"(anonymous_17)","decl":{"start":{"line":279,"column":21},"end":{"line":279,"column":33}},"loc":{"start":{"line":279,"column":33},"end":{"line":301,"column":null}},"line":279},"18":{"name":"(anonymous_18)","decl":{"start":{"line":323,"column":21},"end":{"line":323,"column":33}},"loc":{"start":{"line":323,"column":33},"end":{"line":330,"column":null}},"line":323}},"branchMap":{"0":{"loc":{"start":{"line":21,"column":2},"end":{"line":29,"column":null}},"type":"if","locations":[{"start":{"line":21,"column":2},"end":{"line":29,"column":null}},{"start":{},"end":{}}],"line":21},"1":{"loc":{"start":{"line":23,"column":4},"end":{"line":25,"column":null}},"type":"if","locations":[{"start":{"line":23,"column":4},"end":{"line":25,"column":null}},{"start":{},"end":{}}],"line":23},"2":{"loc":{"start":{"line":24,"column":13},"end":{"line":24,"column":null}},"type":"cond-expr","locations":[{"start":{"line":24,"column":26},"end":{"line":24,"column":36}},{"start":{"line":24,"column":36},"end":{"line":24,"column":null}}],"line":24},"3":{"loc":{"start":{"line":26,"column":11},"end":{"line":28,"column":null}},"type":"cond-expr","locations":[{"start":{"line":27,"column":8},"end":{"line":27,"column":null}},{"start":{"line":28,"column":8},"end":{"line":28,"column":null}}],"line":26},"4":{"loc":{"start":{"line":27,"column":35},"end":{"line":27,"column":74}},"type":"cond-expr","locations":[{"start":{"line":27,"column":58},"end":{"line":27,"column":67}},{"start":{"line":27,"column":67},"end":{"line":27,"column":74}}],"line":27},"5":{"loc":{"start":{"line":28,"column":42},"end":{"line":28,"column":81}},"type":"cond-expr","locations":[{"start":{"line":28,"column":65},"end":{"line":28,"column":74}},{"start":{"line":28,"column":74},"end":{"line":28,"column":81}}],"line":28},"6":{"loc":{"start":{"line":30,"column":2},"end":{"line":38,"column":null}},"type":"if","locations":[{"start":{"line":30,"column":2},"end":{"line":38,"column":null}},{"start":{},"end":{}}],"line":30},"7":{"loc":{"start":{"line":32,"column":4},"end":{"line":34,"column":null}},"type":"if","locations":[{"start":{"line":32,"column":4},"end":{"line":34,"column":null}},{"start":{},"end":{}}],"line":32},"8":{"loc":{"start":{"line":33,"column":13},"end":{"line":33,"column":null}},"type":"cond-expr","locations":[{"start":{"line":33,"column":32},"end":{"line":33,"column":43}},{"start":{"line":33,"column":43},"end":{"line":33,"column":null}}],"line":33},"9":{"loc":{"start":{"line":35,"column":14},"end":{"line":35,"column":null}},"type":"cond-expr","locations":[{"start":{"line":35,"column":33},"end":{"line":35,"column":44}},{"start":{"line":35,"column":44},"end":{"line":35,"column":null}}],"line":35},"10":{"loc":{"start":{"line":36,"column":14},"end":{"line":36,"column":null}},"type":"cond-expr","locations":[{"start":{"line":36,"column":39},"end":{"line":36,"column":52}},{"start":{"line":36,"column":52},"end":{"line":36,"column":null}}],"line":36},"11":{"loc":{"start":{"line":39,"column":9},"end":{"line":39,"column":null}},"type":"cond-expr","locations":[{"start":{"line":39,"column":30},"end":{"line":39,"column":43}},{"start":{"line":39,"column":43},"end":{"line":39,"column":null}}],"line":39},"12":{"loc":{"start":{"line":79,"column":6},"end":{"line":79,"column":null}},"type":"if","locations":[{"start":{"line":79,"column":6},"end":{"line":79,"column":null}},{"start":{},"end":{}}],"line":79},"13":{"loc":{"start":{"line":85,"column":6},"end":{"line":93,"column":null}},"type":"if","locations":[{"start":{"line":85,"column":6},"end":{"line":93,"column":null}},{"start":{},"end":{}}],"line":85},"14":{"loc":{"start":{"line":85,"column":10},"end":{"line":85,"column":57}},"type":"binary-expr","locations":[{"start":{"line":85,"column":10},"end":{"line":85,"column":32}},{"start":{"line":85,"column":32},"end":{"line":85,"column":57}}],"line":85},"15":{"loc":{"start":{"line":87,"column":8},"end":{"line":92,"column":null}},"type":"if","locations":[{"start":{"line":87,"column":8},"end":{"line":92,"column":null}},{"start":{"line":90,"column":15},"end":{"line":92,"column":null}}],"line":87},"16":{"loc":{"start":{"line":87,"column":12},"end":{"line":87,"column":68}},"type":"binary-expr","locations":[{"start":{"line":87,"column":12},"end":{"line":87,"column":32}},{"start":{"line":87,"column":32},"end":{"line":87,"column":48}},{"start":{"line":87,"column":48},"end":{"line":87,"column":68}}],"line":87},"17":{"loc":{"start":{"line":97,"column":6},"end":{"line":102,"column":null}},"type":"if","locations":[{"start":{"line":97,"column":6},"end":{"line":102,"column":null}},{"start":{},"end":{}}],"line":97},"18":{"loc":{"start":{"line":97,"column":10},"end":{"line":97,"column":63}},"type":"binary-expr","locations":[{"start":{"line":97,"column":10},"end":{"line":97,"column":35}},{"start":{"line":97,"column":35},"end":{"line":97,"column":63}}],"line":97},"19":{"loc":{"start":{"line":99,"column":8},"end":{"line":101,"column":null}},"type":"if","locations":[{"start":{"line":99,"column":8},"end":{"line":101,"column":null}},{"start":{},"end":{}}],"line":99},"20":{"loc":{"start":{"line":99,"column":12},"end":{"line":99,"column":68}},"type":"binary-expr","locations":[{"start":{"line":99,"column":12},"end":{"line":99,"column":32}},{"start":{"line":99,"column":32},"end":{"line":99,"column":48}},{"start":{"line":99,"column":48},"end":{"line":99,"column":68}}],"line":99},"21":{"loc":{"start":{"line":105,"column":6},"end":{"line":105,"column":null}},"type":"if","locations":[{"start":{"line":105,"column":6},"end":{"line":105,"column":null}},{"start":{},"end":{}}],"line":105},"22":{"loc":{"start":{"line":109,"column":21},"end":{"line":109,"column":36}},"type":"binary-expr","locations":[{"start":{"line":109,"column":21},"end":{"line":109,"column":32}},{"start":{"line":109,"column":32},"end":{"line":109,"column":36}}],"line":109},"23":{"loc":{"start":{"line":115,"column":23},"end":{"line":115,"column":null}},"type":"binary-expr","locations":[{"start":{"line":115,"column":23},"end":{"line":115,"column":44}},{"start":{"line":115,"column":44},"end":{"line":115,"column":null}}],"line":115},"24":{"loc":{"start":{"line":116,"column":6},"end":{"line":128,"column":null}},"type":"if","locations":[{"start":{"line":116,"column":6},"end":{"line":128,"column":null}},{"start":{"line":125,"column":13},"end":{"line":128,"column":null}}],"line":116},"25":{"loc":{"start":{"line":116,"column":10},"end":{"line":116,"column":45}},"type":"binary-expr","locations":[{"start":{"line":116,"column":10},"end":{"line":116,"column":31}},{"start":{"line":116,"column":31},"end":{"line":116,"column":45}}],"line":116},"26":{"loc":{"start":{"line":120,"column":33},"end":{"line":120,"column":null}},"type":"cond-expr","locations":[{"start":{"line":120,"column":54},"end":{"line":120,"column":58}},{"start":{"line":120,"column":58},"end":{"line":120,"column":null}}],"line":120},"27":{"loc":{"start":{"line":122,"column":31},"end":{"line":122,"column":null}},"type":"cond-expr","locations":[{"start":{"line":122,"column":70},"end":{"line":122,"column":74}},{"start":{"line":122,"column":74},"end":{"line":122,"column":null}}],"line":122},"28":{"loc":{"start":{"line":123,"column":92},"end":{"line":123,"column":141}},"type":"cond-expr","locations":[{"start":{"line":123,"column":112},"end":{"line":123,"column":129}},{"start":{"line":123,"column":129},"end":{"line":123,"column":141}}],"line":123},"29":{"loc":{"start":{"line":143,"column":10},"end":{"line":151,"column":null}},"type":"if","locations":[{"start":{"line":143,"column":10},"end":{"line":151,"column":null}},{"start":{},"end":{}}],"line":143},"30":{"loc":{"start":{"line":143,"column":14},"end":{"line":143,"column":59}},"type":"binary-expr","locations":[{"start":{"line":143,"column":14},"end":{"line":143,"column":35}},{"start":{"line":143,"column":35},"end":{"line":143,"column":59}}],"line":143},"31":{"loc":{"start":{"line":145,"column":12},"end":{"line":150,"column":null}},"type":"if","locations":[{"start":{"line":145,"column":12},"end":{"line":150,"column":null}},{"start":{"line":148,"column":19},"end":{"line":150,"column":null}}],"line":145},"32":{"loc":{"start":{"line":145,"column":16},"end":{"line":145,"column":72}},"type":"binary-expr","locations":[{"start":{"line":145,"column":16},"end":{"line":145,"column":36}},{"start":{"line":145,"column":36},"end":{"line":145,"column":52}},{"start":{"line":145,"column":52},"end":{"line":145,"column":72}}],"line":145},"33":{"loc":{"start":{"line":155,"column":10},"end":{"line":160,"column":null}},"type":"if","locations":[{"start":{"line":155,"column":10},"end":{"line":160,"column":null}},{"start":{},"end":{}}],"line":155},"34":{"loc":{"start":{"line":155,"column":14},"end":{"line":155,"column":73}},"type":"binary-expr","locations":[{"start":{"line":155,"column":14},"end":{"line":155,"column":42}},{"start":{"line":155,"column":42},"end":{"line":155,"column":73}}],"line":155},"35":{"loc":{"start":{"line":157,"column":12},"end":{"line":159,"column":null}},"type":"if","locations":[{"start":{"line":157,"column":12},"end":{"line":159,"column":null}},{"start":{},"end":{}}],"line":157},"36":{"loc":{"start":{"line":157,"column":16},"end":{"line":157,"column":72}},"type":"binary-expr","locations":[{"start":{"line":157,"column":16},"end":{"line":157,"column":36}},{"start":{"line":157,"column":36},"end":{"line":157,"column":52}},{"start":{"line":157,"column":52},"end":{"line":157,"column":72}}],"line":157},"37":{"loc":{"start":{"line":162,"column":26},"end":{"line":162,"column":null}},"type":"cond-expr","locations":[{"start":{"line":162,"column":74},"end":{"line":162,"column":102}},{"start":{"line":162,"column":102},"end":{"line":162,"column":null}}],"line":162},"38":{"loc":{"start":{"line":167,"column":8},"end":{"line":170,"column":null}},"type":"if","locations":[{"start":{"line":167,"column":8},"end":{"line":170,"column":null}},{"start":{},"end":{}}],"line":167},"39":{"loc":{"start":{"line":187,"column":8},"end":{"line":187,"column":null}},"type":"if","locations":[{"start":{"line":187,"column":8},"end":{"line":187,"column":null}},{"start":{},"end":{}}],"line":187},"40":{"loc":{"start":{"line":200,"column":6},"end":{"line":203,"column":null}},"type":"if","locations":[{"start":{"line":200,"column":6},"end":{"line":203,"column":null}},{"start":{},"end":{}}],"line":200},"41":{"loc":{"start":{"line":204,"column":6},"end":{"line":207,"column":null}},"type":"if","locations":[{"start":{"line":204,"column":6},"end":{"line":207,"column":null}},{"start":{},"end":{}}],"line":204},"42":{"loc":{"start":{"line":213,"column":19},"end":{"line":213,"column":null}},"type":"binary-expr","locations":[{"start":{"line":213,"column":19},"end":{"line":213,"column":39}},{"start":{"line":213,"column":39},"end":{"line":213,"column":null}}],"line":213},"43":{"loc":{"start":{"line":217,"column":4},"end":{"line":252,"column":null}},"type":"if","locations":[{"start":{"line":217,"column":4},"end":{"line":252,"column":null}},{"start":{"line":247,"column":11},"end":{"line":252,"column":null}}],"line":217},"44":{"loc":{"start":{"line":217,"column":8},"end":{"line":217,"column":85}},"type":"binary-expr","locations":[{"start":{"line":217,"column":8},"end":{"line":217,"column":29}},{"start":{"line":217,"column":29},"end":{"line":217,"column":45}},{"start":{"line":217,"column":45},"end":{"line":217,"column":65}},{"start":{"line":217,"column":65},"end":{"line":217,"column":85}}],"line":217},"45":{"loc":{"start":{"line":222,"column":8},"end":{"line":222,"column":null}},"type":"if","locations":[{"start":{"line":222,"column":8},"end":{"line":222,"column":null}},{"start":{},"end":{}}],"line":222},"46":{"loc":{"start":{"line":228,"column":33},"end":{"line":228,"column":null}},"type":"cond-expr","locations":[{"start":{"line":228,"column":54},"end":{"line":228,"column":58}},{"start":{"line":228,"column":58},"end":{"line":228,"column":null}}],"line":228},"47":{"loc":{"start":{"line":230,"column":31},"end":{"line":230,"column":null}},"type":"cond-expr","locations":[{"start":{"line":230,"column":70},"end":{"line":230,"column":74}},{"start":{"line":230,"column":74},"end":{"line":230,"column":null}}],"line":230},"48":{"loc":{"start":{"line":256,"column":4},"end":{"line":256,"column":null}},"type":"if","locations":[{"start":{"line":256,"column":4},"end":{"line":256,"column":null}},{"start":{},"end":{}}],"line":256},"49":{"loc":{"start":{"line":265,"column":6},"end":{"line":267,"column":null}},"type":"if","locations":[{"start":{"line":265,"column":6},"end":{"line":267,"column":null}},{"start":{},"end":{}}],"line":265},"50":{"loc":{"start":{"line":280,"column":4},"end":{"line":280,"column":null}},"type":"if","locations":[{"start":{"line":280,"column":4},"end":{"line":280,"column":null}},{"start":{},"end":{}}],"line":280},"51":{"loc":{"start":{"line":289,"column":6},"end":{"line":291,"column":null}},"type":"if","locations":[{"start":{"line":289,"column":6},"end":{"line":291,"column":null}},{"start":{},"end":{}}],"line":289},"52":{"loc":{"start":{"line":317,"column":27},"end":{"line":317,"column":46}},"type":"binary-expr","locations":[{"start":{"line":317,"column":27},"end":{"line":317,"column":42}},{"start":{"line":317,"column":42},"end":{"line":317,"column":46}}],"line":317}},"s":{"0":8,"1":8,"2":8,"3":8,"4":8,"5":0,"6":0,"7":0,"8":0,"9":8,"10":0,"11":0,"12":0,"13":0,"14":0,"15":0,"16":8,"17":8,"18":8,"19":8,"20":8,"21":8,"22":8,"23":8,"24":4,"25":4,"26":4,"27":8,"28":4,"29":8,"30":8,"31":8,"32":8,"33":4,"34":4,"35":4,"36":4,"37":4,"38":0,"39":0,"40":0,"41":0,"42":0,"43":0,"44":0,"45":0,"46":0,"47":0,"48":0,"49":0,"50":0,"51":0,"52":0,"53":0,"54":0,"55":0,"56":0,"57":0,"58":0,"59":0,"60":0,"61":0,"62":0,"63":0,"64":0,"65":0,"66":0,"67":0,"68":0,"69":4,"70":4,"71":4,"72":4,"73":0,"74":0,"75":0,"76":0,"77":0,"78":0,"79":0,"80":0,"81":0,"82":0,"83":0,"84":0,"85":0,"86":0,"87":0,"88":0,"89":0,"90":4,"91":0,"92":0,"93":4,"94":4,"95":4,"96":4,"97":4,"98":0,"99":4,"100":4,"101":4,"102":4,"103":0,"104":4,"105":0,"106":4,"107":4,"108":4,"109":4,"110":4,"111":4,"112":4,"113":4,"114":4,"115":4,"116":4,"117":8,"118":8,"119":4,"120":4,"121":0,"122":0,"123":0,"124":0,"125":0,"126":0,"127":0,"128":0,"129":0,"130":0,"131":0,"132":0,"133":0,"134":0,"135":0,"136":4,"137":4,"138":4,"139":8,"140":1,"141":0,"142":1,"143":1,"144":1,"145":0,"146":0,"147":0,"148":0,"149":0,"150":8,"151":1,"152":0,"153":1,"154":1,"155":1,"156":0,"157":0,"158":0,"159":0,"160":0,"161":8,"162":0,"163":0},"f":{"0":8,"1":8,"2":4,"3":4,"4":4,"5":4,"6":0,"7":4,"8":0,"9":4,"10":4,"11":4,"12":0,"13":0,"14":0,"15":4,"16":1,"17":1,"18":0},"b":{"0":[0,8],"1":[0,0],"2":[0,0],"3":[0,0],"4":[0,0],"5":[0,0],"6":[0,8],"7":[0,0],"8":[0,0],"9":[0,0],"10":[0,0],"11":[0,8],"12":[0,0],"13":[0,0],"14":[0,0],"15":[0,0],"16":[0,0,0],"17":[0,0],"18":[0,0],"19":[0,0],"20":[0,0,0],"21":[0,0],"22":[0,0],"23":[0,0],"24":[0,0],"25":[0,0],"26":[0,0],"27":[0,0],"28":[0,0],"29":[0,0],"30":[0,0],"31":[0,0],"32":[0,0,0],"33":[0,0],"34":[0,0],"35":[0,0],"36":[0,0,0],"37":[0,0],"38":[0,4],"39":[0,4],"40":[4,0],"41":[4,0],"42":[8,8],"43":[0,4],"44":[4,0,0,0],"45":[0,0],"46":[0,0],"47":[0,0],"48":[0,1],"49":[0,0],"50":[0,1],"51":[0,0],"52":[8,8]},"meta":{"lastBranch":53,"lastFunction":19,"lastStatement":164,"seen":{"f:15:9:15:24":0,"s:16:23:16:Infinity":0,"s:17:23:17:Infinity":1,"s:18:21:18:Infinity":2,"s:19:15:19:Infinity":3,"b:21:2:29:Infinity:undefined:undefined:undefined:undefined":0,"s:21:2:29:Infinity":4,"s:22:27:22:Infinity":5,"b:23:4:25:Infinity:undefined:undefined:undefined:undefined":1,"s:23:4:25:Infinity":6,"s:24:6:24:Infinity":7,"b:24:26:24:36:24:36:24:Infinity":2,"s:26:4:28:Infinity":8,"b:27:8:27:Infinity:28:8:28:Infinity":3,"b:27:58:27:67:27:67:27:74":4,"b:28:65:28:74:28:74:28:81":5,"b:30:2:38:Infinity:undefined:undefined:undefined:undefined":6,"s:30:2:38:Infinity":9,"s:31:29:31:Infinity":10,"b:32:4:34:Infinity:undefined:undefined:undefined:undefined":7,"s:32:4:34:Infinity":11,"s:33:6:33:Infinity":12,"b:33:32:33:43:33:43:33:Infinity":8,"s:35:14:35:Infinity":13,"b:35:33:35:44:35:44:35:Infinity":9,"s:36:14:36:Infinity":14,"b:36:39:36:52:36:52:36:Infinity":10,"s:37:4:37:Infinity":15,"s:39:2:39:Infinity":16,"b:39:30:39:43:39:43:39:Infinity":11,"f:42:16:42:29":1,"s:43:30:43:Infinity":17,"s:44:32:44:Infinity":18,"s:45:50:45:Infinity":19,"s:46:46:46:Infinity":20,"s:47:36:47:Infinity":21,"s:50:8:50:Infinity":22,"s:52:2:57:Infinity":23,"f:52:12:52:18":2,"s:53:4:53:Infinity":24,"s:54:4:56:Infinity":25,"f:54:11:54:17":3,"s:55:6:55:Infinity":26,"s:60:2:62:Infinity":27,"f:60:12:60:18":4,"s:61:4:61:Infinity":28,"s:65:8:65:Infinity":29,"s:66:8:66:Infinity":30,"s:67:8:67:Infinity":31,"s:69:2:209:Infinity":32,"f:69:12:69:18":5,"s:70:20:70:Infinity":33,"s:71:4:71:Infinity":34,"s:73:4:73:Infinity":35,"s:75:29:75:Infinity":36,"s:77:24:129:Infinity":37,"f:77:24:77:25":6,"b:79:6:79:Infinity:undefined:undefined:undefined:undefined":12,"s:79:6:79:Infinity":38,"s:79:22:79:Infinity":39,"s:81:6:81:Infinity":40,"s:84:42:84:Infinity":41,"b:85:6:93:Infinity:undefined:undefined:undefined:undefined":13,"s:85:6:93:Infinity":42,"b:85:10:85:32:85:32:85:57":14,"s:86:25:86:Infinity":43,"b:87:8:92:Infinity:90:15:92:Infinity":15,"s:87:8:92:Infinity":44,"b:87:12:87:32:87:32:87:48:87:48:87:68":16,"s:88:10:88:Infinity":45,"s:89:10:89:Infinity":46,"s:91:10:91:Infinity":47,"s:96:45:96:Infinity":48,"b:97:6:102:Infinity:undefined:undefined:undefined:undefined":17,"s:97:6:102:Infinity":49,"b:97:10:97:35:97:35:97:63":18,"s:98:25:98:Infinity":50,"b:99:8:101:Infinity:undefined:undefined:undefined:undefined":19,"s:99:8:101:Infinity":51,"b:99:12:99:32:99:32:99:48:99:48:99:68":20,"s:100:10:100:Infinity":52,"b:105:6:105:Infinity:undefined:undefined:undefined:undefined":21,"s:105:6:105:Infinity":53,"s:105:22:105:Infinity":54,"s:107:6:107:Infinity":55,"s:108:6:108:Infinity":56,"s:109:6:109:Infinity":57,"b:109:21:109:32:109:32:109:36":22,"s:112:6:112:Infinity":58,"s:115:23:115:Infinity":59,"b:115:23:115:44:115:44:115:Infinity":23,"b:116:6:128:Infinity:125:13:128:Infinity":24,"s:116:6:128:Infinity":60,"b:116:10:116:31:116:31:116:45":25,"s:117:20:117:Infinity":61,"s:118:28:118:Infinity":62,"s:120:33:120:Infinity":63,"b:120:54:120:58:120:58:120:Infinity":26,"s:122:31:122:Infinity":64,"b:122:70:122:74:122:74:122:Infinity":27,"s:123:8:123:Infinity":65,"b:123:112:123:129:123:129:123:141":28,"s:124:8:124:Infinity":66,"s:126:8:126:Infinity":67,"s:127:8:127:Infinity":68,"s:131:26:192:Infinity":69,"f:131:26:131:38":7,"s:132:6:191:Infinity":70,"s:133:8:133:Infinity":71,"s:136:32:164:Infinity":72,"f:136:188:136:189":8,"s:137:10:137:Infinity":73,"s:140:41:140:Infinity":74,"s:141:27:141:Infinity":75,"b:143:10:151:Infinity:undefined:undefined:undefined:undefined":29,"s:143:10:151:Infinity":76,"b:143:14:143:35:143:35:143:59":30,"s:144:29:144:Infinity":77,"b:145:12:150:Infinity:148:19:150:Infinity":31,"s:145:12:150:Infinity":78,"b:145:16:145:36:145:36:145:52:145:52:145:72":32,"s:146:14:146:Infinity":79,"s:147:14:147:Infinity":80,"s:149:14:149:Infinity":81,"s:153:44:153:Infinity":82,"s:154:34:154:Infinity":83,"b:155:10:160:Infinity:undefined:undefined:undefined:undefined":33,"s:155:10:160:Infinity":84,"b:155:14:155:42:155:42:155:73":34,"s:156:29:156:Infinity":85,"b:157:12:159:Infinity:undefined:undefined:undefined:undefined":35,"s:157:12:159:Infinity":86,"b:157:16:157:36:157:36:157:52:157:52:157:72":36,"s:158:14:158:Infinity":87,"s:162:26:162:Infinity":88,"b:162:74:162:102:162:102:162:Infinity":37,"s:163:10:163:Infinity":89,"b:167:8:170:Infinity:undefined:undefined:undefined:undefined":38,"s:167:8:170:Infinity":90,"s:168:10:168:Infinity":91,"s:169:10:169:Infinity":92,"s:171:8:171:Infinity":93,"s:173:8:173:Infinity":94,"s:176:29:182:Infinity":95,"f:176:29:176:41":9,"s:177:10:181:Infinity":96,"s:178:12:178:Infinity":97,"s:180:12:180:Infinity":98,"s:183:8:183:Infinity":99,"s:184:8:184:Infinity":100,"s:185:8:185:Infinity":101,"b:187:8:187:Infinity:undefined:undefined:undefined:undefined":39,"s:187:8:187:Infinity":102,"s:187:34:187:Infinity":103,"s:188:8:188:Infinity":104,"s:190:8:190:Infinity":105,"s:194:4:194:Infinity":106,"s:196:4:208:Infinity":107,"f:196:11:196:17":10,"s:197:6:197:Infinity":108,"s:198:6:198:Infinity":109,"s:199:6:199:Infinity":110,"b:200:6:203:Infinity:undefined:undefined:undefined:undefined":40,"s:200:6:203:Infinity":111,"s:201:8:201:Infinity":112,"s:202:8:202:Infinity":113,"b:204:6:207:Infinity:undefined:undefined:undefined:undefined":41,"s:204:6:207:Infinity":114,"s:205:8:205:Infinity":115,"s:206:8:206:Infinity":116,"s:213:19:213:Infinity":117,"b:213:19:213:39:213:39:213:Infinity":42,"s:214:2:253:Infinity":118,"f:214:12:214:18":11,"s:215:20:215:Infinity":119,"b:217:4:252:Infinity:247:11:252:Infinity":43,"s:217:4:252:Infinity":120,"b:217:8:217:29:217:29:217:45:217:45:217:65:217:65:217:85":44,"s:218:31:218:Infinity":121,"s:220:25:233:Infinity":122,"f:220:25:220:31":12,"b:222:8:222:Infinity:undefined:undefined:undefined:undefined":45,"s:222:8:222:Infinity":123,"s:222:24:222:Infinity":124,"s:224:20:224:Infinity":125,"s:225:28:225:Infinity":126,"s:228:33:228:Infinity":127,"b:228:54:228:58:228:58:228:Infinity":46,"s:230:31:230:Infinity":128,"b:230:70:230:74:230:74:230:Infinity":47,"s:232:8:232:Infinity":129,"s:236:6:236:Infinity":130,"s:239:23:241:Infinity":131,"f:239:35:239:41":13,"s:240:8:240:Infinity":132,"s:243:6:246:Infinity":133,"f:243:13:243:19":14,"s:244:8:244:Infinity":134,"s:245:8:245:Infinity":135,"s:248:6:248:Infinity":136,"s:249:6:251:Infinity":137,"f:249:13:249:19":15,"s:250:8:250:Infinity":138,"s:255:23:277:Infinity":139,"f:255:23:255:35":16,"b:256:4:256:Infinity:undefined:undefined:undefined:undefined":48,"s:256:4:256:Infinity":140,"s:256:19:256:Infinity":141,"s:258:4:276:Infinity":142,"s:259:6:259:Infinity":143,"s:260:6:260:Infinity":144,"s:263:6:263:Infinity":145,"b:265:6:267:Infinity:undefined:undefined:undefined:undefined":49,"s:265:6:267:Infinity":146,"s:266:8:266:Infinity":147,"s:268:6:275:Infinity":148,"s:269:8:272:Infinity":149,"s:279:21:301:Infinity":150,"f:279:21:279:33":17,"b:280:4:280:Infinity:undefined:undefined:undefined:undefined":50,"s:280:4:280:Infinity":151,"s:280:19:280:Infinity":152,"s:282:4:300:Infinity":153,"s:283:6:283:Infinity":154,"s:284:6:284:Infinity":155,"s:287:6:287:Infinity":156,"b:289:6:291:Infinity:undefined:undefined:undefined:undefined":51,"s:289:6:291:Infinity":157,"s:290:8:290:Infinity":158,"s:292:6:299:Infinity":159,"s:293:8:296:Infinity":160,"s:303:2:363:Infinity":161,"b:317:27:317:42:317:42:317:46":52,"f:323:21:323:33":18,"s:324:14:329:Infinity":162,"s:325:16:328:Infinity":163}}}
,"/Users/balabiturembek/Desktop/hubnity/src/components/Login.tsx": {"path":"/Users/balabiturembek/Desktop/hubnity/src/components/Login.tsx","statementMap":{"0":{"start":{"line":9,"column":25},"end":{"line":9,"column":null}},"1":{"start":{"line":12,"column":24},"end":{"line":12,"column":null}},"2":{"start":{"line":13,"column":30},"end":{"line":13,"column":null}},"3":{"start":{"line":14,"column":32},"end":{"line":14,"column":null}},"4":{"start":{"line":15,"column":24},"end":{"line":15,"column":null}},"5":{"start":{"line":16,"column":8},"end":{"line":16,"column":null}},"6":{"start":{"line":16,"column":40},"end":{"line":16,"column":51}},"7":{"start":{"line":18,"column":23},"end":{"line":76,"column":null}},"8":{"start":{"line":19,"column":4},"end":{"line":19,"column":null}},"9":{"start":{"line":22,"column":4},"end":{"line":24,"column":null}},"10":{"start":{"line":23,"column":6},"end":{"line":23,"column":null}},"11":{"start":{"line":27,"column":4},"end":{"line":30,"column":null}},"12":{"start":{"line":28,"column":6},"end":{"line":28,"column":null}},"13":{"start":{"line":29,"column":6},"end":{"line":29,"column":null}},"14":{"start":{"line":33,"column":23},"end":{"line":33,"column":null}},"15":{"start":{"line":34,"column":4},"end":{"line":37,"column":null}},"16":{"start":{"line":35,"column":6},"end":{"line":35,"column":null}},"17":{"start":{"line":36,"column":6},"end":{"line":36,"column":null}},"18":{"start":{"line":40,"column":4},"end":{"line":43,"column":null}},"19":{"start":{"line":41,"column":6},"end":{"line":41,"column":null}},"20":{"start":{"line":42,"column":6},"end":{"line":42,"column":null}},"21":{"start":{"line":45,"column":4},"end":{"line":45,"column":null}},"22":{"start":{"line":46,"column":4},"end":{"line":46,"column":null}},"23":{"start":{"line":48,"column":4},"end":{"line":75,"column":null}},"24":{"start":{"line":50,"column":6},"end":{"line":50,"column":null}},"25":{"start":{"line":52,"column":6},"end":{"line":52,"column":null}},"26":{"start":{"line":53,"column":6},"end":{"line":53,"column":null}},"27":{"start":{"line":56,"column":25},"end":{"line":56,"column":null}},"28":{"start":{"line":58,"column":6},"end":{"line":66,"column":null}},"29":{"start":{"line":59,"column":8},"end":{"line":59,"column":null}},"30":{"start":{"line":60,"column":6},"end":{"line":66,"column":null}},"31":{"start":{"line":61,"column":8},"end":{"line":61,"column":null}},"32":{"start":{"line":62,"column":6},"end":{"line":66,"column":null}},"33":{"start":{"line":63,"column":8},"end":{"line":63,"column":null}},"34":{"start":{"line":64,"column":6},"end":{"line":66,"column":null}},"35":{"start":{"line":65,"column":8},"end":{"line":65,"column":null}},"36":{"start":{"line":69,"column":18},"end":{"line":69,"column":null}},"37":{"start":{"line":70,"column":6},"end":{"line":70,"column":null}},"38":{"start":{"line":72,"column":6},"end":{"line":72,"column":null}},"39":{"start":{"line":74,"column":6},"end":{"line":74,"column":null}},"40":{"start":{"line":78,"column":2},"end":{"line":176,"column":null}},"41":{"start":{"line":112,"column":20},"end":{"line":112,"column":null}},"42":{"start":{"line":113,"column":20},"end":{"line":113,"column":null}},"43":{"start":{"line":113,"column":31},"end":{"line":113,"column":null}},"44":{"start":{"line":134,"column":20},"end":{"line":134,"column":null}},"45":{"start":{"line":135,"column":20},"end":{"line":135,"column":null}},"46":{"start":{"line":135,"column":31},"end":{"line":135,"column":null}}},"fnMap":{"0":{"name":"Login","decl":{"start":{"line":11,"column":16},"end":{"line":11,"column":24}},"loc":{"start":{"line":11,"column":24},"end":{"line":178,"column":null}},"line":11},"1":{"name":"(anonymous_1)","decl":{"start":{"line":16,"column":29},"end":{"line":16,"column":30}},"loc":{"start":{"line":16,"column":40},"end":{"line":16,"column":51}},"line":16},"2":{"name":"(anonymous_2)","decl":{"start":{"line":18,"column":23},"end":{"line":18,"column":30}},"loc":{"start":{"line":18,"column":53},"end":{"line":76,"column":null}},"line":18},"3":{"name":"(anonymous_3)","decl":{"start":{"line":111,"column":28},"end":{"line":111,"column":29}},"loc":{"start":{"line":111,"column":35},"end":{"line":114,"column":null}},"line":111},"4":{"name":"(anonymous_4)","decl":{"start":{"line":133,"column":28},"end":{"line":133,"column":29}},"loc":{"start":{"line":133,"column":35},"end":{"line":136,"column":null}},"line":133}},"branchMap":{"0":{"loc":{"start":{"line":22,"column":4},"end":{"line":24,"column":null}},"type":"if","locations":[{"start":{"line":22,"column":4},"end":{"line":24,"column":null}},{"start":{},"end":{}}],"line":22},"1":{"loc":{"start":{"line":27,"column":4},"end":{"line":30,"column":null}},"type":"if","locations":[{"start":{"line":27,"column":4},"end":{"line":30,"column":null}},{"start":{},"end":{}}],"line":27},"2":{"loc":{"start":{"line":27,"column":8},"end":{"line":27,"column":33}},"type":"binary-expr","locations":[{"start":{"line":27,"column":8},"end":{"line":27,"column":18}},{"start":{"line":27,"column":18},"end":{"line":27,"column":33}}],"line":27},"3":{"loc":{"start":{"line":34,"column":4},"end":{"line":37,"column":null}},"type":"if","locations":[{"start":{"line":34,"column":4},"end":{"line":37,"column":null}},{"start":{},"end":{}}],"line":34},"4":{"loc":{"start":{"line":40,"column":4},"end":{"line":43,"column":null}},"type":"if","locations":[{"start":{"line":40,"column":4},"end":{"line":43,"column":null}},{"start":{},"end":{}}],"line":40},"5":{"loc":{"start":{"line":40,"column":8},"end":{"line":40,"column":42}},"type":"binary-expr","locations":[{"start":{"line":40,"column":8},"end":{"line":40,"column":21}},{"start":{"line":40,"column":21},"end":{"line":40,"column":42}}],"line":40},"6":{"loc":{"start":{"line":58,"column":6},"end":{"line":66,"column":null}},"type":"if","locations":[{"start":{"line":58,"column":6},"end":{"line":66,"column":null}},{"start":{"line":60,"column":6},"end":{"line":66,"column":null}}],"line":58},"7":{"loc":{"start":{"line":60,"column":6},"end":{"line":66,"column":null}},"type":"if","locations":[{"start":{"line":60,"column":6},"end":{"line":66,"column":null}},{"start":{"line":62,"column":6},"end":{"line":66,"column":null}}],"line":60},"8":{"loc":{"start":{"line":62,"column":6},"end":{"line":66,"column":null}},"type":"if","locations":[{"start":{"line":62,"column":6},"end":{"line":66,"column":null}},{"start":{"line":64,"column":6},"end":{"line":66,"column":null}}],"line":62},"9":{"loc":{"start":{"line":64,"column":6},"end":{"line":66,"column":null}},"type":"if","locations":[{"start":{"line":64,"column":6},"end":{"line":66,"column":null}},{"start":{},"end":{}}],"line":64},"10":{"loc":{"start":{"line":69,"column":18},"end":{"line":69,"column":null}},"type":"cond-expr","locations":[{"start":{"line":69,"column":53},"end":{"line":69,"column":68}},{"start":{"line":69,"column":68},"end":{"line":69,"column":null}}],"line":69},"11":{"loc":{"start":{"line":69,"column":75},"end":{"line":69,"column":104}},"type":"binary-expr","locations":[{"start":{"line":69,"column":75},"end":{"line":69,"column":91}},{"start":{"line":69,"column":91},"end":{"line":69,"column":104}}],"line":69},"12":{"loc":{"start":{"line":113,"column":20},"end":{"line":113,"column":null}},"type":"if","locations":[{"start":{"line":113,"column":20},"end":{"line":113,"column":null}},{"start":{},"end":{}}],"line":113},"13":{"loc":{"start":{"line":135,"column":20},"end":{"line":135,"column":null}},"type":"if","locations":[{"start":{"line":135,"column":20},"end":{"line":135,"column":null}},{"start":{},"end":{}}],"line":135},"14":{"loc":{"start":{"line":144,"column":13},"end":{"line":148,"column":null}},"type":"binary-expr","locations":[{"start":{"line":144,"column":13},"end":{"line":144,"column":null}},{"start":{"line":145,"column":14},"end":{"line":148,"column":null}}],"line":144},"15":{"loc":{"start":{"line":155,"column":15},"end":{"line":159,"column":null}},"type":"cond-expr","locations":[{"start":{"line":155,"column":27},"end":{"line":155,"column":null}},{"start":{"line":156,"column":16},"end":{"line":159,"column":null}}],"line":155}},"s":{"0":1,"1":126,"2":126,"3":126,"4":126,"5":126,"6":126,"7":126,"8":4,"9":4,"10":0,"11":4,"12":0,"13":0,"14":4,"15":4,"16":0,"17":0,"18":4,"19":0,"20":0,"21":4,"22":4,"23":4,"24":4,"25":3,"26":3,"27":1,"28":1,"29":1,"30":0,"31":0,"32":0,"33":0,"34":0,"35":0,"36":1,"37":1,"38":1,"39":4,"40":126,"41":64,"42":64,"43":0,"44":50,"45":50,"46":0},"f":{"0":126,"1":126,"2":4,"3":64,"4":50},"b":{"0":[0,4],"1":[0,4],"2":[4,4],"3":[0,4],"4":[0,4],"5":[4,4],"6":[1,0],"7":[0,0],"8":[0,0],"9":[0,0],"10":[1,0],"11":[0,0],"12":[0,64],"13":[0,50],"14":[126,1],"15":[4,122]},"meta":{"lastBranch":16,"lastFunction":5,"lastStatement":47,"seen":{"s:9:25:9:Infinity":0,"f:11:16:11:24":0,"s:12:24:12:Infinity":1,"s:13:30:13:Infinity":2,"s:14:32:14:Infinity":3,"s:15:24:15:Infinity":4,"s:16:8:16:Infinity":5,"f:16:29:16:30":1,"s:16:40:16:51":6,"s:18:23:76:Infinity":7,"f:18:23:18:30":2,"s:19:4:19:Infinity":8,"b:22:4:24:Infinity:undefined:undefined:undefined:undefined":0,"s:22:4:24:Infinity":9,"s:23:6:23:Infinity":10,"b:27:4:30:Infinity:undefined:undefined:undefined:undefined":1,"s:27:4:30:Infinity":11,"b:27:8:27:18:27:18:27:33":2,"s:28:6:28:Infinity":12,"s:29:6:29:Infinity":13,"s:33:23:33:Infinity":14,"b:34:4:37:Infinity:undefined:undefined:undefined:undefined":3,"s:34:4:37:Infinity":15,"s:35:6:35:Infinity":16,"s:36:6:36:Infinity":17,"b:40:4:43:Infinity:undefined:undefined:undefined:undefined":4,"s:40:4:43:Infinity":18,"b:40:8:40:21:40:21:40:42":5,"s:41:6:41:Infinity":19,"s:42:6:42:Infinity":20,"s:45:4:45:Infinity":21,"s:46:4:46:Infinity":22,"s:48:4:75:Infinity":23,"s:50:6:50:Infinity":24,"s:52:6:52:Infinity":25,"s:53:6:53:Infinity":26,"s:56:25:56:Infinity":27,"b:58:6:66:Infinity:60:6:66:Infinity":6,"s:58:6:66:Infinity":28,"s:59:8:59:Infinity":29,"b:60:6:66:Infinity:62:6:66:Infinity":7,"s:60:6:66:Infinity":30,"s:61:8:61:Infinity":31,"b:62:6:66:Infinity:64:6:66:Infinity":8,"s:62:6:66:Infinity":32,"s:63:8:63:Infinity":33,"b:64:6:66:Infinity:undefined:undefined:undefined:undefined":9,"s:64:6:66:Infinity":34,"s:65:8:65:Infinity":35,"s:69:18:69:Infinity":36,"b:69:53:69:68:69:68:69:Infinity":10,"b:69:75:69:91:69:91:69:104":11,"s:70:6:70:Infinity":37,"s:72:6:72:Infinity":38,"s:74:6:74:Infinity":39,"s:78:2:176:Infinity":40,"f:111:28:111:29":3,"s:112:20:112:Infinity":41,"b:113:20:113:Infinity:undefined:undefined:undefined:undefined":12,"s:113:20:113:Infinity":42,"s:113:31:113:Infinity":43,"f:133:28:133:29":4,"s:134:20:134:Infinity":44,"b:135:20:135:Infinity:undefined:undefined:undefined:undefined":13,"s:135:20:135:Infinity":45,"s:135:31:135:Infinity":46,"b:144:13:144:Infinity:145:14:148:Infinity":14,"b:155:27:155:Infinity:156:16:159:Infinity":15}}}
,"/Users/balabiturembek/Desktop/hubnity/src/components/ProjectSelector.tsx": {"path":"/Users/balabiturembek/Desktop/hubnity/src/components/ProjectSelector.tsx","statementMap":{"0":{"start":{"line":14,"column":83},"end":{"line":14,"column":null}},"1":{"start":{"line":15,"column":8},"end":{"line":15,"column":null}},"2":{"start":{"line":15,"column":39},"end":{"line":15,"column":66}},"3":{"start":{"line":17,"column":2},"end":{"line":20,"column":null}},"4":{"start":{"line":18,"column":4},"end":{"line":18,"column":null}},"5":{"start":{"line":22,"column":23},"end":{"line":34,"column":null}},"6":{"start":{"line":23,"column":20},"end":{"line":23,"column":null}},"7":{"start":{"line":23,"column":41},"end":{"line":23,"column":59}},"8":{"start":{"line":24,"column":4},"end":{"line":33,"column":null}},"9":{"start":{"line":25,"column":6},"end":{"line":29,"column":null}},"10":{"start":{"line":28,"column":8},"end":{"line":28,"column":null}},"11":{"start":{"line":32,"column":6},"end":{"line":32,"column":null}},"12":{"start":{"line":37,"column":2},"end":{"line":93,"column":null}},"13":{"start":{"line":49,"column":29},"end":{"line":49,"column":null}},"14":{"start":{"line":80,"column":14},"end":{"line":88,"column":null}}},"fnMap":{"0":{"name":"ProjectSelector","decl":{"start":{"line":13,"column":16},"end":{"line":13,"column":34}},"loc":{"start":{"line":13,"column":34},"end":{"line":95,"column":null}},"line":13},"1":{"name":"(anonymous_1)","decl":{"start":{"line":15,"column":32},"end":{"line":15,"column":33}},"loc":{"start":{"line":15,"column":39},"end":{"line":15,"column":66}},"line":15},"2":{"name":"(anonymous_2)","decl":{"start":{"line":17,"column":12},"end":{"line":17,"column":18}},"loc":{"start":{"line":17,"column":18},"end":{"line":20,"column":5}},"line":17},"3":{"name":"(anonymous_3)","decl":{"start":{"line":22,"column":23},"end":{"line":22,"column":24}},"loc":{"start":{"line":22,"column":46},"end":{"line":34,"column":null}},"line":22},"4":{"name":"(anonymous_4)","decl":{"start":{"line":23,"column":34},"end":{"line":23,"column":35}},"loc":{"start":{"line":23,"column":41},"end":{"line":23,"column":59}},"line":23},"5":{"name":"(anonymous_5)","decl":{"start":{"line":25,"column":35},"end":{"line":25,"column":36}},"loc":{"start":{"line":25,"column":46},"end":{"line":29,"column":7}},"line":25},"6":{"name":"(anonymous_6)","decl":{"start":{"line":49,"column":23},"end":{"line":49,"column":29}},"loc":{"start":{"line":49,"column":29},"end":{"line":49,"column":null}},"line":49},"7":{"name":"(anonymous_7)","decl":{"start":{"line":79,"column":26},"end":{"line":79,"column":27}},"loc":{"start":{"line":80,"column":14},"end":{"line":88,"column":null}},"line":80}},"branchMap":{"0":{"loc":{"start":{"line":15,"column":39},"end":{"line":15,"column":66}},"type":"binary-expr","locations":[{"start":{"line":15,"column":39},"end":{"line":15,"column":62}},{"start":{"line":15,"column":62},"end":{"line":15,"column":66}}],"line":15},"1":{"loc":{"start":{"line":24,"column":4},"end":{"line":33,"column":null}},"type":"if","locations":[{"start":{"line":24,"column":4},"end":{"line":33,"column":null}},{"start":{"line":30,"column":11},"end":{"line":33,"column":null}}],"line":24},"2":{"loc":{"start":{"line":40,"column":7},"end":{"line":91,"column":null}},"type":"cond-expr","locations":[{"start":{"line":41,"column":8},"end":{"line":41,"column":null}},{"start":{"line":42,"column":10},"end":{"line":91,"column":null}}],"line":40},"3":{"loc":{"start":{"line":42,"column":10},"end":{"line":91,"column":null}},"type":"cond-expr","locations":[{"start":{"line":43,"column":8},"end":{"line":55,"column":null}},{"start":{"line":56,"column":10},"end":{"line":91,"column":null}}],"line":42},"4":{"loc":{"start":{"line":45,"column":13},"end":{"line":45,"column":null}},"type":"cond-expr","locations":[{"start":{"line":45,"column":25},"end":{"line":45,"column":60}},{"start":{"line":45,"column":60},"end":{"line":45,"column":null}}],"line":45},"5":{"loc":{"start":{"line":47,"column":11},"end":{"line":53,"column":null}},"type":"binary-expr","locations":[{"start":{"line":47,"column":11},"end":{"line":47,"column":null}},{"start":{"line":48,"column":12},"end":{"line":53,"column":null}}],"line":47},"6":{"loc":{"start":{"line":56,"column":10},"end":{"line":91,"column":null}},"type":"cond-expr","locations":[{"start":{"line":57,"column":8},"end":{"line":57,"column":null}},{"start":{"line":59,"column":8},"end":{"line":91,"column":null}}],"line":56},"7":{"loc":{"start":{"line":60,"column":17},"end":{"line":60,"column":null}},"type":"binary-expr","locations":[{"start":{"line":60,"column":17},"end":{"line":60,"column":40}},{"start":{"line":60,"column":40},"end":{"line":60,"column":null}}],"line":60},"8":{"loc":{"start":{"line":65,"column":15},"end":{"line":74,"column":null}},"type":"binary-expr","locations":[{"start":{"line":65,"column":15},"end":{"line":65,"column":null}},{"start":{"line":66,"column":16},"end":{"line":74,"column":null}}],"line":65}},"s":{"0":6,"1":6,"2":6,"3":6,"4":6,"5":6,"6":0,"7":0,"8":0,"9":0,"10":0,"11":0,"12":6,"13":0,"14":4},"f":{"0":6,"1":6,"2":6,"3":0,"4":0,"5":0,"6":0,"7":4},"b":{"0":[6,0],"1":[0,0],"2":[1,5],"3":[2,3],"4":[1,1],"5":[2,1],"6":[1,2],"7":[2,2],"8":[2,0]},"meta":{"lastBranch":9,"lastFunction":8,"lastStatement":15,"seen":{"f:13:16:13:34":0,"s:14:83:14:Infinity":0,"s:15:8:15:Infinity":1,"f:15:32:15:33":1,"s:15:39:15:66":2,"b:15:39:15:62:15:62:15:66":0,"s:17:2:20:Infinity":3,"f:17:12:17:18":2,"s:18:4:18:Infinity":4,"s:22:23:34:Infinity":5,"f:22:23:22:24":3,"s:23:20:23:Infinity":6,"f:23:34:23:35":4,"s:23:41:23:59":7,"b:24:4:33:Infinity:30:11:33:Infinity":1,"s:24:4:33:Infinity":8,"s:25:6:29:Infinity":9,"f:25:35:25:36":5,"s:28:8:28:Infinity":10,"s:32:6:32:Infinity":11,"s:37:2:93:Infinity":12,"b:41:8:41:Infinity:42:10:91:Infinity":2,"b:43:8:55:Infinity:56:10:91:Infinity":3,"b:45:25:45:60:45:60:45:Infinity":4,"b:47:11:47:Infinity:48:12:53:Infinity":5,"f:49:23:49:29":6,"s:49:29:49:Infinity":13,"b:57:8:57:Infinity:59:8:91:Infinity":6,"b:60:17:60:40:60:40:60:Infinity":7,"b:65:15:65:Infinity:66:16:74:Infinity":8,"f:79:26:79:27":7,"s:80:14:88:Infinity":14}}}
,"/Users/balabiturembek/Desktop/hubnity/src/components/ScreenshotsView.tsx": {"path":"/Users/balabiturembek/Desktop/hubnity/src/components/ScreenshotsView.tsx","statementMap":{"0":{"start":{"line":31,"column":36},"end":{"line":31,"column":null}},"1":{"start":{"line":32,"column":32},"end":{"line":32,"column":null}},"2":{"start":{"line":33,"column":24},"end":{"line":33,"column":null}},"3":{"start":{"line":34,"column":50},"end":{"line":34,"column":null}},"4":{"start":{"line":35,"column":34},"end":{"line":35,"column":null}},"5":{"start":{"line":36,"column":38},"end":{"line":36,"column":null}},"6":{"start":{"line":40,"column":8},"end":{"line":40,"column":null}},"7":{"start":{"line":43,"column":8},"end":{"line":43,"column":null}},"8":{"start":{"line":45,"column":2},"end":{"line":50,"column":null}},"9":{"start":{"line":46,"column":4},"end":{"line":46,"column":null}},"10":{"start":{"line":47,"column":4},"end":{"line":49,"column":null}},"11":{"start":{"line":48,"column":6},"end":{"line":48,"column":null}},"12":{"start":{"line":52,"column":8},"end":{"line":109,"column":null}},"13":{"start":{"line":53,"column":4},"end":{"line":56,"column":null}},"14":{"start":{"line":54,"column":6},"end":{"line":54,"column":null}},"15":{"start":{"line":55,"column":6},"end":{"line":55,"column":null}},"16":{"start":{"line":59,"column":10},"end":{"line":59,"column":null}},"17":{"start":{"line":60,"column":33},"end":{"line":60,"column":null}},"18":{"start":{"line":62,"column":4},"end":{"line":66,"column":null}},"19":{"start":{"line":63,"column":6},"end":{"line":63,"column":null}},"20":{"start":{"line":64,"column":6},"end":{"line":64,"column":null}},"21":{"start":{"line":65,"column":6},"end":{"line":65,"column":null}},"22":{"start":{"line":69,"column":4},"end":{"line":73,"column":null}},"23":{"start":{"line":70,"column":6},"end":{"line":70,"column":null}},"24":{"start":{"line":71,"column":6},"end":{"line":71,"column":null}},"25":{"start":{"line":72,"column":6},"end":{"line":72,"column":null}},"26":{"start":{"line":75,"column":4},"end":{"line":80,"column":null}},"27":{"start":{"line":76,"column":6},"end":{"line":76,"column":null}},"28":{"start":{"line":77,"column":6},"end":{"line":77,"column":null}},"29":{"start":{"line":78,"column":6},"end":{"line":78,"column":null}},"30":{"start":{"line":79,"column":6},"end":{"line":79,"column":null}},"31":{"start":{"line":83,"column":4},"end":{"line":83,"column":null}},"32":{"start":{"line":83,"column":31},"end":{"line":83,"column":null}},"33":{"start":{"line":85,"column":4},"end":{"line":85,"column":null}},"34":{"start":{"line":86,"column":4},"end":{"line":86,"column":null}},"35":{"start":{"line":87,"column":4},"end":{"line":108,"column":null}},"36":{"start":{"line":88,"column":19},"end":{"line":88,"column":null}},"37":{"start":{"line":91,"column":6},"end":{"line":91,"column":null}},"38":{"start":{"line":91,"column":33},"end":{"line":91,"column":null}},"39":{"start":{"line":93,"column":6},"end":{"line":93,"column":null}},"40":{"start":{"line":94,"column":6},"end":{"line":96,"column":null}},"41":{"start":{"line":95,"column":8},"end":{"line":95,"column":null}},"42":{"start":{"line":99,"column":6},"end":{"line":99,"column":null}},"43":{"start":{"line":99,"column":33},"end":{"line":99,"column":null}},"44":{"start":{"line":101,"column":6},"end":{"line":101,"column":null}},"45":{"start":{"line":102,"column":6},"end":{"line":102,"column":null}},"46":{"start":{"line
[...]
2:1604:78":74,"b:1607:10:1610:Infinity:undefined:undefined:undefined:undefined":226,"s:1607:10:1610:Infinity":711,"b:1607:14:1607:Infinity:1608:14:1608:80":227,"s:1609:12:1609:Infinity":712,"s:1611:10:1611:Infinity":713,"s:1612:10:1615:Infinity":714,"f:1615:19:1615:25":75,"s:1619:18:1619:Infinity":715,"b:1619:18:1619:35:1619:35:1619:Infinity":228,"s:1620:33:1620:Infinity":716,"b:1620:33:1620:61:1620:61:1620:96:1620:96:1620:Infinity":229,"s:1621:33:1621:Infinity":717,"b:1621:33:1621:61:1621:61:1621:96:1621:96:1621:125:1621:125:1621:159:1621:159:1621:Infinity":230,"b:1622:6:1649:Infinity:undefined:undefined:undefined:undefined":231,"s:1622:6:1649:Infinity":718,"s:1623:8:1648:Infinity":719,"s:1624:32:1624:Infinity":720,"s:1625:30:1625:Infinity":721,"f:1625:49:1625:54":76,"s:1625:54:1625:83":722,"b:1626:10:1645:Infinity:undefined:undefined:undefined:undefined":232,"s:1626:10:1645:Infinity":723,"s:1627:12:1627:Infinity":724,"s:1627:18:1627:49":725,"s:1629:37:1629:Infinity":726,"f:1629:75:1629:81":77,"s:1629:81:1629:85":727,"s:1630:31:1630:Infinity":728,"b:1630:31:1630:72:1630:72:1630:112:1630:112:1630:Infinity":233,"s:1631:38:1631:Infinity":729,"s:1632:12:1641:Infinity":730,"s:1642:12:1642:Infinity":731,"f:1642:54:1642:60":78,"s:1643:12:1643:Infinity":732,"f:1643:45:1643:51":79,"s:1644:12:1644:Infinity":733,"b:1650:6:1688:Infinity:undefined:undefined:undefined:undefined":234,"s:1650:6:1688:Infinity":734,"s:1652:8:1674:Infinity":735,"s:1653:29:1653:Infinity":736,"b:1654:10:1663:Infinity:undefined:undefined:undefined:undefined":235,"s:1654:10:1663:Infinity":737,"s:1655:12:1662:Infinity":738,"s:1656:14:1656:Infinity":739,"b:1659:14:1661:Infinity:undefined:undefined:undefined:undefined":236,"s:1659:14:1661:Infinity":740,"s:1660:16:1660:Infinity":741,"s:1666:10:1673:Infinity":742,"s:1667:12:1667:Infinity":743,"b:1670:12:1672:Infinity:undefined:undefined:undefined:undefined":237,"s:1670:12:1672:Infinity":744,"s:1671:14:1671:Infinity":745,"s:1675:8:1675:Infinity":746,"s:1675:14:1675:56":747,"s:1676:8:1685:Infinity":748,"s:1686:8:1686:Infinity":749,"s:1686:14:1686:48":750,"s:1687:8:1687:Infinity":751,"s:1689:6:1689:Infinity":752,"s:1690:6:1695:Infinity":753,"s:1691:8:1691:Infinity":754,"s:1694:8:1694:Infinity":755,"f:1699:16:1699:28":80,"s:1700:42:1700:Infinity":756,"b:1703:4:1705:Infinity:undefined:undefined:undefined:undefined":238,"s:1703:4:1705:Infinity":757,"s:1704:6:1704:Infinity":758,"s:1709:48:1709:Infinity":759,"s:1710:4:1719:Infinity":760,"s:1711:6:1711:Infinity":761,"s:1713:6:1713:Infinity":762,"s:1715:29:1715:Infinity":763,"b:1716:6:1718:Infinity:undefined:undefined:undefined:undefined":239,"s:1716:6:1718:Infinity":764,"s:1717:8:1717:Infinity":765,"s:1722:23:1722:Infinity":766,"b:1722:37:1722:104:1722:104:1722:Infinity":240,"b:1722:37:1722:71:1722:71:1722:104":241,"b:1723:4:1730:Infinity:undefined:undefined:undefined:undefined":242,"s:1723:4:1730:Infinity":767,"s:1724:20:1724:Infinity":768,"b:1725:6:1728:Infinity:undefined:undefined:undefined:undefined":243,"s:1725:6:1728:Infinity":769,"s:1726:8:1726:Infinity":770,"s:1727:8:1727:Infinity":771,"s:1733:4:1733:Infinity":772,"s:1736:27:1736:Infinity":773,"b:1737:4:1741:Infinity:undefined:undefined:undefined:undefined":244,"s:1737:4:1741:Infinity":774,"s:1738:6:1738:Infinity":775,"s:1739:6:1739:Infinity":776,"s:1740:6:1740:Infinity":777,"s:1745:26:1745:Infinity":778,"b:1748:4:1759:Infinity:undefined:undefined:undefined:undefined":245,"s:1748:4:1759:Infinity":779,"s:1749:12:1749:Infinity":780,"b:1749:12:1749:46:1749:46:1749:Infinity":246,"b:1750:6:1758:Infinity:undefined:undefined:undefined:undefined":247,"s:1750:6:1758:Infinity":781,"s:1751:8:1757:Infinity":782,"s:1752:32:1752:Infinity":783,"s:1753:28:1753:Infinity":784,"f:1753:47:1753:48":81,"s:1753:54:1753:81":785,"b:1754:10:1756:Infinity:undefined:undefined:undefined:undefined":248,"s:1754:10:1756:Infinity":786,"s:1755:12:1755:Infinity":787,"b:1762:4:1790:Infinity:undefined:undefined:undefined:undefined":249,"s:1762:4:1790:Infinity":788,"s:1763:6:1788:Infinity":789,"s:1764:27:1764:Infinity":790,"b:1765:8:1767:Infinity:undefined:undefined:undefined:undefined":250,"s:1765:8:1767:Infinity":791,"s:1766:10:1766:Infinity":792,"s:1768:8:1768:Infinity":793,"s:1769:8:1778:Infinity":794,"s:1779:8:1779:Infinity":795,"f:1779:41:1779:47":82,"b:1783:8:1785:Infinity:undefined:undefined:undefined:undefined":251,"s:1783:8:1785:Infinity":796,"s:1784:10:1784:Infinity":797,"s:1787:8:1787:Infinity":798,"s:1789:6:1789:Infinity":799,"s:1792:4:1926:Infinity":800,"s:1793:28:1793:Infinity":801,"s:1796:80:1796:Infinity":802,"s:1797:6:1811:Infinity":803,"s:1798:8:1798:Infinity":804,"b:1800:8:1810:Infinity:1802:15:1810:Infinity":252,"s:1800:8:1810:Infinity":805,"s:1801:10:1801:Infinity":806,"s:1803:10:1808:Infinity":807,"f:1806:19:1806:20":83,"s:1807:12:1807:Infinity":808,"s:1809:10:1809:Infinity":809,"f:1809:61:1809:67":84,"s:1809:67:1809:71":810,"s:1813:24:1813:Infinity":811,"b:1813:24:1813:59:1813:59:1813:Infinity":253,"s:1816:6:1825:Infinity":812,"b:1818:20:1818:55:1818:55:1818:89:1818:89:1818:Infinity":254,"b:1819:18:1819:52:1819:52:1819:Infinity":255,"b:1821:28:1821:53:1821:53:1821:Infinity":256,"s:1827:6:1829:Infinity":813,"f:1827:47:1827:48":85,"s:1828:8:1828:Infinity":814,"s:1831:6:1831:Infinity":815,"f:1831:39:1831:45":86,"b:1834:6:1867:Infinity:undefined:undefined:undefined:undefined":257,"s:1834:6:1867:Infinity":816,"b:1834:10:1834:23:1834:23:1834:59":258,"s:1834:59:1867:Infinity":817,"f:1834:60:1834:72":87,"s:1835:8:1839:Infinity":818,"s:1836:10:1836:Infinity":819,"s:1838:10:1838:Infinity":820,"s:1840:8:1866:Infinity":821,"s:1841:30:1841:Infinity":822,"s:1842:31:1842:Infinity":823,"s:1843:39:1843:Infinity":824,"b:1844:10:1854:Infinity:undefined:undefined:undefined:undefined":259,"s:1844:10:1854:Infinity":825,"s:1845:12:1853:Infinity":826,"b:1849:28:1849:44:1849:44:1849:Infinity":260,"f:1850:21:1850:22":88,"s:1851:14:1851:Infinity":827,"s:1852:14:1852:Infinity":828,"s:1855:10:1855:Infinity":829,"s:1856:10:1856:Infinity":830,"b:1857:10:1859:Infinity:undefined:undefined:undefined:undefined":261,"s:1857:10:1859:Infinity":831,"s:1858:12:1858:Infinity":832,"f:1858:72:1858:78":89,"s:1861:10:1861:Infinity":833,"s:1862:10:1865:Infinity":834,"f:1865:19:1865:25":90,"s:1869:18:1869:Infinity":835,"b:1869:18:1869:35:1869:35:1869:Infinity":262,"s:1870:29:1870:Infinity":836,"b:1870:29:1870:56:1870:56:1870:Infinity":263,"b:1871:6:1925:Infinity:1901:13:1925:Infinity":264,"s:1871:6:1925:Infinity":837,"s:1873:8:1878:Infinity":838,"s:1874:10:1874:Infinity":839,"s:1877:10:1877:Infinity":840,"s:1879:8:1884:Infinity":841,"s:1880:10:1880:Infinity":842,"s:1883:10:1883:Infinity":843,"s:1885:8:1894:Infinity":844,"s:1895:8:1900:Infinity":845,"s:1896:10:1896:Infinity":846,"s:1899:10:1899:Infinity":847,"s:1903:8:1919:Infinity":848,"s:1904:29:1904:Infinity":849,"s:1906:10:1912:Infinity":850,"b:1908:24:1908:58:1908:58:1908:Infinity":265,"b:1911:49:1911:153:1911:153:1911:Infinity":266,"b:1913:10:1915:Infinity:undefined:undefined:undefined:undefined":267,"s:1913:10:1915:Infinity":851,"s:1914:12:1914:Infinity":852,"f:1914:45:1914:51":91,"s:1918:10:1918:Infinity":853,"s:1920:8:1924:Infinity":854,"s:1921:10:1921:Infinity":855,"f:1931:22:1931:23":92,"s:1934:35:1934:Infinity":856,"b:1935:4:1937:Infinity:undefined:undefined:undefined:undefined":268,"s:1935:4:1937:Infinity":857,"b:1935:8:1935:39:1935:39:1935:63":269,"s:1936:6:1936:Infinity":858,"s:1938:16:1938:Infinity":859,"s:1940:25:1940:Infinity":860,"b:1940:44:1940:68:1940:68:1940:Infinity":270,"s:1941:4:1941:Infinity":861,"s:1942:4:1944:Infinity":862,"f:1942:125:1942:126":93,"s:1943:6:1943:Infinity":863,"f:1947:20:1947:21":94,"s:1948:18:1948:Infinity":864,"s:1949:4:1949:Infinity":865,"f:1952:19:1952:31":95,"s:1953:79:1953:Infinity":866,"b:1957:4:1962:Infinity:undefined:undefined:undefined:undefined":271,"s:1957:4:1962:Infinity":867,"b:1957:8:1957:39:1957:39:1957:63":272,"s:1958:6:1960:Infinity":868,"f:1958:105:1958:106":96,"s:1959:8:1959:Infinity":869,"s:1961:6:1961:Infinity":870,"s:1966:54:1966:Infinity":871,"s:1967:4:1972:Infinity":872,"s:1968:6:1968:Infinity":873,"s:1970:6:1970:Infinity":874,"s:1971:6:1971:Infinity":875,"s:1974:23:1974:Infinity":876,"s:1975:21:1975:Infinity":877,"b:1978:4:1983:Infinity:undefined:undefined:undefined:undefined":273,"s:1978:4:1983:Infinity":878,"b:1978:8:1978:23:1978:23:1978:35:1978:35:1978:46":274,"s:1979:6:1981:Infinity":879,"f:1979:167:1979:168":97,"s:1980:8:1980:Infinity":880,"s:1982:6:1982:Infinity":881,"s:1985:16:1985:Infinity":882,"s:1987:21:1987:Infinity":883,"s:1988:21:1988:Infinity":884,"b:1988:39:1988:43:1988:43:1988:Infinity":275,"s:1989:31:1989:Infinity":885,"s:1991:4:1991:Infinity":886,"b:1993:4:2208:Infinity:undefined:undefined:undefined:undefined":276,"s:1993:4:2208:Infinity":887,"s:1994:6:1994:Infinity":888,"s:1998:6:2035:Infinity":889,"s:1999:27:1999:Infinity":890,"b:2001:8:2017:Infinity:undefined:undefined:undefined:undefined":277,"s:2001:8:2017:Infinity":891,"b:2001:12:2001:45:2001:45:2001:77":278,"s:2002:10:2004:Infinity":892,"f:2002:141:2002:142":98,"s:2003:12:2003:Infinity":893,"s:2005:36:2005:Infinity":894,"s:2007:10:2014:Infinity":895,"b:2012:16:2012:Infinity:2013:16:2013:Infinity":279,"s:2015:10:2015:Infinity":896,"f:2015:43:2015:49":99,"s:2016:10:2016:Infinity":897,"s:2020:34:2020:Infinity":898,"b:2021:8:2026:Infinity:undefined:undefined:undefined:undefined":280,"s:2021:8:2026:Infinity":899,"s:2022:10:2024:Infinity":900,"f:2022:97:2022:98":100,"s:2023:12:2023:Infinity":901,"s:2025:10:2025:Infinity":902,"s:2030:8:2030:Infinity":903,"s:2031:8:2033:Infinity":904,"f:2031:137:2031:138":101,"s:2032:10:2032:Infinity":905,"s:2034:8:2034:Infinity":906,"b:2046:6:2051:Infinity:undefined:undefined:undefined:undefined":281,"s:2046:6:2051:Infinity":907,"s:2047:8:2049:Infinity":908,"f:2047:125:2047:126":102,"s:2048:10:2048:Infinity":909,"s:2050:8:2050:Infinity":910,"b:2054:6:2059:Infinity:undefined:undefined:undefined:undefined":282,"s:2054:6:2059:Infinity":911,"s:2055:8:2057:Infinity":912,"f:2055:100:2055:101":103,"s:2056:10:2056:Infinity":913,"s:2058:8:2058:Infinity":914,"s:2060:6:2060:Infinity":915,"s:2062:6:2207:Infinity":916,"s:2064:24:2064:Infinity":917,"s:2065:8:2067:Infinity":918,"f:2065:91:2065:92":104,"s:2066:10:2066:Infinity":919,"s:2069:8:2069:Infinity":920,"s:2072:8:2072:Infinity":921,"f:2072:26:2072:37":105,"s:2072:37:2072:61":922,"s:2075:32:2075:Infinity":923,"s:2076:8:2078:Infinity":924,"f:2076:247:2076:248":106,"s:2077:10:2077:Infinity":925,"b:2081:8:2180:Infinity:2141:15:2180:Infinity":283,"s:2081:8:2180:Infinity":926,"b:2081:12:2081:40:2081:40:2081:76":284,"s:2082:10:2084:Infinity":927,"f:2082:114:2082:115":107,"s:2083:12:2083:Infinity":928,"s:2086:33:2086:Infinity":929,"s:2089:10:2134:Infinity":930,"s:2090:12:2090:Infinity":931,"s:2091:12:2093:Infinity":932,"f:2091:115:2091:116":108,"s:2092:14:2092:Infinity":933,"s:2098:12:2098:Infinity":934,"f:2098:30:2098:41":109,"s:2098:41:2098:66":935,"s:2100:12:2102:Infinity":936,"f:2100:154:2100:155":110,"s:2101:14:2101:Infinity":937,"s:2107:37:2107:Infinity":938,"b:2107:76:2107:101:2107:101:2107:Infinity":285,"b:2107:37:2107:55:2107:55:2107:76":286,"s:2108:12:2110:Infinity":939,"f:2108:158:2108:159":111,"s:2109:14:2109:Infinity":940,"s:2112:40:2112:Infinity":941,"b:2112:115:2112:158:2112:158:2112:Infinity":287,"b:2112:40:2112:76:2112:76:2112:115":288,"s:2113:32:2113:Infinity":942,"b:2113:32:2113:73:2113:73:2113:124:2113:124:2113:Infinity":289,"s:2114:12:2124:Infinity":943,"f:2119:21:2119:28":112,"s:2120:14:2120:Infinity":944,"s:2121:14:2123:Infinity":945,"f:2121:99:2121:100":113,"s:2122:16:2122:Infinity":946,"s:2126:12:2128:Infinity":947,"f:2126:93:2126:94":114,"s:2127:14:2127:Infinity":948,"s:2130:12:2130:Infinity":949,"s:2131:12:2133:Infinity":950,"f:2131:98:2131:99":115,"s:2132:14:2132:Infinity":951,"s:2137:10:2140:Infinity":952,"s:2143:10:2145:Infinity":953,"f:2143:131:2143:132":116,"s:2144:12:2144:Infinity":954,"s:2146:10:2179:Infinity":955,"s:2147:31:2147:Infinity":956,"b:2148:12:2176:Infinity:2165:12:2176:Infinity":290,"s:2148:12:2176:Infinity":957,"s:2149:37:2149:Infinity":958,"s:2150:33:2150:Infinity":959,"s:2151:14:2155:Infinity":960,"s:2156:14:2156:Infinity":961,"s:2157:14:2157:Infinity":962,"f:2157:32:2157:43":117,"s:2157:43:2157:68":963,"s:2158:42:2158:Infinity":964,"b:2158:107:2158:145:2158:145:2158:Infinity":291,"b:2158:42:2158:73:2158:73:2158:107":292,"s:2159:34:2159:Infinity":965,"b:2159:34:2159:65:2159:65:2159:106:2159:106:2159:Infinity":293,"s:2160:14:2160:Infinity":966,"f:2160:158:2160:164":118,"s:2161:14:2164:Infinity":967,"f:2164:23:2164:29":119,"b:2165:12:2176:Infinity:2174:19:2176:Infinity":294,"s:2165:12:2176:Infinity":968,"s:2166:14:2173:Infinity":969,"s:2175:14:2175:Infinity":970,"s:2178:12:2178:Infinity":971,"s:2182:8:2182:Infinity":972,"s:2183:8:2185:Infinity":973,"b:2183:66:2183:83:2183:83:2183:98":295,"f:2183:108:2183:109":120,"s:2184:10:2184:Infinity":974,"s:2187:8:2204:Infinity":975,"s:2188:29:2188:Infinity":976,"b:2189:10:2200:Infinity:2197:17:2200:Infinity":296,"s:2189:10:2200:Infinity":977,"b:2189:14:2189:47:2189:47:2189:79":297,"s:2191:12:2196:Infinity":978,"b:2194:66:2194:79:2194:79:2194:Infinity":298,"b:2195:51:2195:129:2195:129:2195:Infinity":299,"s:2199:12:2199:Infinity":979,"s:2203:10:2203:Infinity":980,"s:2206:8:2206:Infinity":981,"f:2211:18:2211:19":121,"s:2212:48:2212:Infinity":982,"b:2215:4:2217:Infinity:undefined:undefined:undefined:undefined":300,"s:2215:4:2217:Infinity":983,"s:2216:6:2216:Infinity":984,"b:2220:4:2223:Infinity:undefined:undefined:undefined:undefined":301,"s:2220:4:2223:Infinity":985,"b:2220:8:2220:25:2220:25:2220:45:2220:45:2220:70":302,"s:2221:6:2221:Infinity":986,"s:2222:6:2222:Infinity":987,"s:2226:45:2229:Infinity":988,"s:2231:4:2231:Infinity":989,"s:2234:4:2236:Infinity":990,"f:2234:136:2234:137":122,"s:2235:6:2235:Infinity":991,"f:2239:21:2239:33":123,"s:2241:25:2241:Infinity":992,"b:2242:4:2245:Infinity:undefined:undefined:undefined:undefined":303,"s:2242:4:2245:Infinity":993,"s:2244:6:2244:Infinity":994,"s:2247:48:2247:Infinity":995,"b:2250:4:2252:Infinity:undefined:undefined:undefined:undefined":304,"s:2250:4:2252:Infinity":996,"b:2250:8:2250:38:2250:38:2250:57":305,"s:2251:6:2251:Infinity":997,"s:2256:48:2256:Infinity":998,"s:2257:4:2265:Infinity":999,"s:2258:6:2258:Infinity":1000,"s:2260:6:2260:Infinity":1001,"b:2262:6:2264:Infinity:undefined:undefined:undefined:undefined":306,"s:2262:6:2264:Infinity":1002,"s:2263:8:2263:Infinity":1003,"s:2268:21:2268:Infinity":1004,"b:2268:34:2268:66:2268:66:2268:Infinity":307,"b:2269:4:2271:Infinity:undefined:undefined:undefined:undefined":308,"s:2269:4:2271:Infinity":1005,"s:2270:6:2270:Infinity":1006,"s:2274:10:2274:Infinity":1007,"s:2275:22:2275:Infinity":1008,"s:2276:28:2278:Infinity":1009,"b:2277:8:2277:Infinity:2278:8:2278:Infinity":309,"f:2277:29:2277:34":124,"s:2277:34:2277:71":1010,"b:2280:4:2286:Infinity:undefined:undefined:undefined:undefined":310,"s:2280:4:2286:Infinity":1011,"b:2282:6:2284:Infinity:undefined:undefined:undefined:undefined":311,"s:2282:6:2284:Infinity":1012,"s:2283:8:2283:Infinity":1013,"s:2285:6:2285:Infinity":1014,"s:2288:4:2334:Infinity":1015,"s:2290:24:2290:Infinity":1016,"s:2291:39:2291:Infinity":1017,"s:2293:6:2295:Infinity":1018,"s:2293:19:2293:22":1019,"s:2294:8:2294:Infinity":1020,"s:2298:30:2298:Infinity":1021,"s:2301:6:2311:Infinity":1022,"s:2302:8:2304:Infinity":1023,"f:2302:106:2302:107":125,"s:2303:10:2303:Infinity":1024,"s:2306:25:2306:Infinity":1025,"s:2308:8:2310:Infinity":1026,"f:2308:126:2308:127":126,"s:2309:10:2309:Infinity":1027,"s:2314:34:2321:Infinity":1028,"f:2314:55:2314:Infinity":127,"s:2315:8:2320:Infinity":1029,"f:2315:30:2315:Infinity":128,"s:2316:10:2319:Infinity":1030,"b:2316:10:2316:Infinity:2317:10:2317:Infinity:2318:10:2318:Infinity:2319:10:2319:Infinity":312,"s:2323:6:2323:Infinity":1031,"s:2325:6:2327:Infinity":1032,"f:2325:126:2325:127":129,"s:2326:8:2326:Infinity":1033,"s:2330:6:2330:Infinity":1034,"s:2331:6:2333:Infinity":1035,"b:2331:67:2331:84:2331:84:2331:99":313,"f:2331:109:2331:110":130,"s:2332:8:2332:Infinity":1036,"f:2337:9:2337:21":131,"s:2338:4:2342:Infinity":1037,"s:2339:6:2339:Infinity":1038,"s:2343:4:2347:Infinity":1039,"s:2344:6:2344:Infinity":1040,"s:2348:4:2352:Infinity":1041,"s:2349:6:2349:Infinity":1042,"s:2355:4:2368:Infinity":1043,"f:2371:18:2371:30":132,"s:2372:4:2377:Infinity":1044,"s:2373:6:2373:Infinity":1045,"s:2375:6:2375:Infinity":1046,"s:2376:6:2376:Infinity":1047,"f:2379:17:2379:29":133,"s:2379:29:2379:Infinity":1048,"f:2380:17:2380:24":134,"s:2381:4:2381:Infinity":1049,"f:2383:20:2383:27":135,"s:2384:4:2384:Infinity":1050,"f:2386:18:2386:24":136,"s:2386:24:2386:Infinity":1051,"f:2387:18:2387:25":137,"s:2387:49:2387:Infinity":1052,"f:2388:12:2388:24":138,"s:2389:4:2389:Infinity":1053,"s:2390:18:2390:Infinity":1054,"s:2391:4:2397:Infinity":1055,"b:2392:18:2392:47:2392:47:2392:Infinity":314,"b:2395:10:2395:Infinity:2396:10:2396:Infinity":315,"b:2398:4:2400:Infinity:undefined:undefined:undefined:undefined":316,"s:2398:4:2400:Infinity":1056,"s:2399:6:2399:Infinity":1057,"f:2399:39:2399:45":139,"s:2401:4:2401:Infinity":1058,"f:2404:32:2404:44":140,"s:2406:4:2429:Infinity":1059,"s:2407:25:2407:Infinity":1060,"b:2409:6:2418:Infinity:undefined:undefined:undefined:undefined":317,"s:2409:6:2418:Infinity":1061,"s:2410:8:2417:Infinity":1062,"s:2411:10:2411:Infinity":1063,"b:2414:10:2416:Infinity:undefined:undefined:undefined:undefined":318,"s:2414:10:2416:Infinity":1064,"s:2415:12:2415:Infinity":1065,"s:2421:6:2428:Infinity":1066,"s:2422:8:2422:Infinity":1067,"b:2425:8:2427:Infinity:undefined:undefined:undefined:undefined":319,"s:2425:8:2427:Infinity":1068,"s:2426:10:2426:Infinity":1069,"s:2430:4:2434:Infinity":1070,"s:2431:6:2431:Infinity":1071,"s:2435:4:2444:Infinity":1072,"s:2445:4:2449:Infinity":1073,"s:2446:6:2446:Infinity":1074,"f:2452:24:2452:36":141,"s:2456:4:2562:Infinity":1075,"s:2457:25:2457:Infinity":1076,"b:2461:6:2473:Infinity:2471:13:2473:Infinity":320,"s:2461:6:2473:Infinity":1077,"s:2462:8:2462:Infinity":1078,"b:2463:8:2470:Infinity:2468:15:2470:Infinity":321,"s:2463:8:2470:Infinity":1079,"s:2464:10:2464:Infinity":1080,"s:2465:10:2465:Infinity":1081,"s:2466:10:2466:Infinity":1082,"s:2469:10:2469:Infinity":1083,"s:2472:8:2472:Infinity":1084,"s:2476:25:2476:Infinity":1085,"s:2480:31:2480:Infinity":1086,"b:2480:31:2480:65:2480:65:2480:Infinity":322,"s:2481:31:2481:Infinity":1087,"s:2485:29:2485:Infinity":1088,"s:2486:29:2486:Infinity":1089,"b:2489:6:2557:Infinity:undefined:undefined:undefined:undefined":323,"s:2489:6:2557:Infinity":1090,"b:2489:10:2489:30:2489:30:2489:46":324,"b:2491:8:2509:Infinity:undefined:undefined:undefined:undefined":325,"s:2491:8:2509:Infinity":1091,"b:2491:13:2491:47:2491:47:2491:81:2491:81:2491:111":326,"s:2492:10:2492:Infinity":1092,"s:2493:10:2497:Infinity":1093,"s:2494:12:2494:Infinity":1094,"s:2496:12:2496:Infinity":1095,"s:2499:33:2499:Infinity":1096,"b:2500:10:2507:Infinity:undefined:undefined:undefined:undefined":327,"s:2500:10:2507:Infinity":1097,"b:2500:14:2500:50:2500:50:2500:81":328,"s:2501:12:2505:Infinity":1098,"s:2506:12:2506:Infinity":1099,"f:2506:45:2506:51":142,"s:2508:10:2508:Infinity":1100,"s:2511:8:2514:Infinity":1101,"s:2517:8:2530:Infinity":1102,"s:2518:55:2518:Infinity":1103,"s:2519:10:2525:Infinity":1104,"s:2526:10:2526:Infinity":1105,"s:2529:10:2529:Infinity":1106,"s:2533:8:2546:Infinity":1107,"b:2537:14:2542:Infinity:2543:14:2545:Infinity":329,"b:2544:16:2544:Infinity:2545:16:2545:Infinity":330,"s:2548:8:2550:Infinity":1108,"f:2548:223:2548:224":143,"s:2549:10:2549:Infinity":1109,"b:2551:8:2553:Infinity:undefined:undefined:undefined:undefined":331,"s:2551:8:2553:Infinity":1110,"b:2551:12:2551:46:2551:46:2551:78":332,"s:2552:10:2552:Infinity":1111,"f:2552:43:2552:49":144,"b:2554:8:2556:Infinity:undefined:undefined:undefined:undefined":333,"s:2554:8:2556:Infinity":1112,"s:2555:10:2555:Infinity":1113,"f:2555:52:2555:58":145,"s:2561:6:2561:Infinity":1114}}}
}
